<?xml version="1.0" encoding="UTF-8"?>
<testsuite xmlns:xsi="http://www.w3.org/2001/XMLSchema-instance" xsi:noNamespaceSchemaLocation="https://maven.apache.org/surefire/maven-surefire-plugin/xsd/surefire-test-report-3.0.xsd" version="3.0" name="TestSuite" time="76.137" tests="1" errors="0" skipped="0" failures="0">
  <properties>
    <property name="sun.desktop" value="windows"/>
    <property name="awt.toolkit" value="sun.awt.windows.WToolkit"/>
    <property name="surefire.suiteXmlFiles" value="testng.xml"/>
    <property name="java.specification.version" value="11"/>
    <property name="sun.cpu.isalist" value="amd64"/>
    <property name="sun.jnu.encoding" value="Cp1252"/>
    <property name="java.class.path" value="C:\Users\nasee\OneDrive\Documents\eclipse-workspace\MobileStudio\target\test-classes;C:\Users\nasee\OneDrive\Documents\eclipse-workspace\MobileStudio\target\classes;C:\Users\nasee\.m2\repository\io\appium\java-client\8.3.0\java-client-8.3.0.jar;C:\Users\nasee\.m2\repository\org\seleniumhq\selenium\selenium-support\4.11.0\selenium-support-4.11.0.jar;C:\Users\nasee\.m2\repository\com\google\code\gson\gson\2.10\gson-2.10.jar;C:\Users\nasee\.m2\repository\cglib\cglib\3.3.0\cglib-3.3.0.jar;C:\Users\nasee\.m2\repository\org\ow2\asm\asm\7.1\asm-7.1.jar;C:\Users\nasee\.m2\repository\commons-validator\commons-validator\1.7\commons-validator-1.7.jar;C:\Users\nasee\.m2\repository\commons-beanutils\commons-beanutils\1.9.4\commons-beanutils-1.9.4.jar;C:\Users\nasee\.m2\repository\commons-digester\commons-digester\2.1\commons-digester-2.1.jar;C:\Users\nasee\.m2\repository\commons-logging\commons-logging\1.2\commons-logging-1.2.jar;C:\Users\nasee\.m2\repository\commons-collections\commons-collections\3.2.2\commons-collections-3.2.2.jar;C:\Users\nasee\.m2\repository\org\apache\commons\commons-lang3\3.12.0\commons-lang3-3.12.0.jar;C:\Users\nasee\.m2\repository\commons-io\commons-io\2.11.0\commons-io-2.11.0.jar;C:\Users\nasee\.m2\repository\org\slf4j\slf4j-api\2.0.5\slf4j-api-2.0.5.jar;C:\Users\nasee\.m2\repository\org\seleniumhq\selenium\selenium-java\4.8.1\selenium-java-4.8.1.jar;C:\Users\nasee\.m2\repository\org\seleniumhq\selenium\selenium-chrome-driver\4.8.1\selenium-chrome-driver-4.8.1.jar;C:\Users\nasee\.m2\repository\org\seleniumhq\selenium\selenium-chromium-driver\4.8.1\selenium-chromium-driver-4.8.1.jar;C:\Users\nasee\.m2\repository\org\seleniumhq\selenium\selenium-devtools-v108\4.8.1\selenium-devtools-v108-4.8.1.jar;C:\Users\nasee\.m2\repository\org\seleniumhq\selenium\selenium-devtools-v109\4.8.1\selenium-devtools-v109-4.8.1.jar;C:\Users\nasee\.m2\repository\org\seleniumhq\selenium\selenium-devtools-v110\4.8.1\selenium-devtools-v110-4.8.1.jar;C:\Users\nasee\.m2\repository\org\seleniumhq\selenium\selenium-devtools-v85\4.8.1\selenium-devtools-v85-4.8.1.jar;C:\Users\nasee\.m2\repository\org\seleniumhq\selenium\selenium-edge-driver\4.8.1\selenium-edge-driver-4.8.1.jar;C:\Users\nasee\.m2\repository\org\seleniumhq\selenium\selenium-firefox-driver\4.8.1\selenium-firefox-driver-4.8.1.jar;C:\Users\nasee\.m2\repository\org\seleniumhq\selenium\selenium-ie-driver\4.8.1\selenium-ie-driver-4.8.1.jar;C:\Users\nasee\.m2\repository\org\seleniumhq\selenium\selenium-safari-driver\4.8.1\selenium-safari-driver-4.8.1.jar;C:\Users\nasee\.m2\repository\org\seleniumhq\selenium\selenium-api\4.8.1\selenium-api-4.8.1.jar;C:\Users\nasee\.m2\repository\org\seleniumhq\selenium\selenium-remote-driver\4.8.1\selenium-remote-driver-4.8.1.jar;C:\Users\nasee\.m2\repository\com\beust\jcommander\1.82\jcommander-1.82.jar;C:\Users\nasee\.m2\repository\com\google\auto\service\auto-service-annotations\1.0.1\auto-service-annotations-1.0.1.jar;C:\Users\nasee\.m2\repository\com\google\auto\service\auto-service\1.0.1\auto-service-1.0.1.jar;C:\Users\nasee\.m2\repository\com\google\auto\auto-common\1.2\auto-common-1.2.jar;C:\Users\nasee\.m2\repository\com\google\guava\guava\31.1-jre\guava-31.1-jre.jar;C:\Users\nasee\.m2\repository\com\google\guava\failureaccess\1.0.1\failureaccess-1.0.1.jar;C:\Users\nasee\.m2\repository\com\google\guava\listenablefuture\9999.0-empty-to-avoid-conflict-with-guava\listenablefuture-9999.0-empty-to-avoid-conflict-with-guava.jar;C:\Users\nasee\.m2\repository\org\checkerframework\checker-qual\3.12.0\checker-qual-3.12.0.jar;C:\Users\nasee\.m2\repository\com\google\errorprone\error_prone_annotations\2.11.0\error_prone_annotations-2.11.0.jar;C:\Users\nasee\.m2\repository\com\google\j2objc\j2objc-annotations\1.3\j2objc-annotations-1.3.jar;C:\Users\nasee\.m2\repository\io\netty\netty-buffer\4.1.87.Final\netty-buffer-4.1.87.Final.jar;C:\Users\nasee\.m2\repository\io\netty\netty-codec-http\4.1.87.Final\netty-codec-http-4.1.87.Final.jar;C:\Users\nasee\.m2\repository\io\netty\netty-codec\4.1.87.Final\netty-codec-4.1.87.Final.jar;C:\Users\nasee\.m2\repository\io\netty\netty-handler\4.1.87.Final\netty-handler-4.1.87.Final.jar;C:\Users\nasee\.m2\repository\io\netty\netty-common\4.1.87.Final\netty-common-4.1.87.Final.jar;C:\Users\nasee\.m2\repository\io\netty\netty-transport-classes-epoll\4.1.87.Final\netty-transport-classes-epoll-4.1.87.Final.jar;C:\Users\nasee\.m2\repository\io\netty\netty-transport-classes-kqueue\4.1.87.Final\netty-transport-classes-kqueue-4.1.87.Final.jar;C:\Users\nasee\.m2\repository\io\netty\netty-transport-native-epoll\4.1.87.Final\netty-transport-native-epoll-4.1.87.Final.jar;C:\Users\nasee\.m2\repository\io\netty\netty-transport-native-kqueue\4.1.87.Final\netty-transport-native-kqueue-4.1.87.Final.jar;C:\Users\nasee\.m2\repository\io\netty\netty-transport-native-unix-common\4.1.87.Final\netty-transport-native-unix-common-4.1.87.Final.jar;C:\Users\nasee\.m2\repository\io\netty\netty-transport\4.1.87.Final\netty-transport-4.1.87.Final.jar;C:\Users\nasee\.m2\repository\io\netty\netty-resolver\4.1.87.Final\netty-resolver-4.1.87.Final.jar;C:\Users\nasee\.m2\repository\io\opentelemetry\opentelemetry-api\1.22.0\opentelemetry-api-1.22.0.jar;C:\Users\nasee\.m2\repository\io\opentelemetry\opentelemetry-context\1.22.0\opentelemetry-context-1.22.0.jar;C:\Users\nasee\.m2\repository\io\opentelemetry\opentelemetry-exporter-logging\1.22.0\opentelemetry-exporter-logging-1.22.0.jar;C:\Users\nasee\.m2\repository\io\opentelemetry\opentelemetry-sdk-metrics\1.22.0\opentelemetry-sdk-metrics-1.22.0.jar;C:\Users\nasee\.m2\repository\io\opentelemetry\opentelemetry-sdk-logs\1.22.0-alpha\opentelemetry-sdk-logs-1.22.0-alpha.jar;C:\Users\nasee\.m2\repository\io\opentelemetry\opentelemetry-api-logs\1.22.0-alpha\opentelemetry-api-logs-1.22.0-alpha.jar;C:\Users\nasee\.m2\repository\io\opentelemetry\opentelemetry-sdk-common\1.22.0\opentelemetry-sdk-common-1.22.0.jar;C:\Users\nasee\.m2\repository\io\opentelemetry\opentelemetry-sdk-extension-autoconfigure-spi\1.22.0\opentelemetry-sdk-extension-autoconfigure-spi-1.22.0.jar;C:\Users\nasee\.m2\repository\io\opentelemetry\opentelemetry-sdk-extension-autoconfigure\1.22.0-alpha\opentelemetry-sdk-extension-autoconfigure-1.22.0-alpha.jar;C:\Users\nasee\.m2\repository\io\opentelemetry\opentelemetry-sdk-trace\1.22.0\opentelemetry-sdk-trace-1.22.0.jar;C:\Users\nasee\.m2\repository\io\opentelemetry\opentelemetry-sdk\1.22.0\opentelemetry-sdk-1.22.0.jar;C:\Users\nasee\.m2\repository\io\opentelemetry\opentelemetry-semconv\1.22.0-alpha\opentelemetry-semconv-1.22.0-alpha.jar;C:\Users\nasee\.m2\repository\io\ous\jtoml\2.0.0\jtoml-2.0.0.jar;C:\Users\nasee\.m2\repository\net\bytebuddy\byte-buddy\1.12.22\byte-buddy-1.12.22.jar;C:\Users\nasee\.m2\repository\org\apache\commons\commons-exec\1.3\commons-exec-1.3.jar;C:\Users\nasee\.m2\repository\org\asynchttpclient\async-http-client\2.12.3\async-http-client-2.12.3.jar;C:\Users\nasee\.m2\repository\org\asynchttpclient\async-http-client-netty-utils\2.12.3\async-http-client-netty-utils-2.12.3.jar;C:\Users\nasee\.m2\repository\io\netty\netty-codec-socks\4.1.60.Final\netty-codec-socks-4.1.60.Final.jar;C:\Users\nasee\.m2\repository\io\netty\netty-handler-proxy\4.1.60.Final\netty-handler-proxy-4.1.60.Final.jar;C:\Users\nasee\.m2\repository\io\netty\netty-transport-native-epoll\4.1.60.Final\netty-transport-native-epoll-4.1.60.Final-linux-x86_64.jar;C:\Users\nasee\.m2\repository\io\netty\netty-transport-native-kqueue\4.1.60.Final\netty-transport-native-kqueue-4.1.60.Final-osx-x86_64.jar;C:\Users\nasee\.m2\repository\org\reactivestreams\reactive-streams\1.0.3\reactive-streams-1.0.3.jar;C:\Users\nasee\.m2\repository\com\typesafe\netty\netty-reactive-streams\2.0.4\netty-reactive-streams-2.0.4.jar;C:\Users\nasee\.m2\repository\com\sun\activation\jakarta.activation\1.2.2\jakarta.activation-1.2.2.jar;C:\Users\nasee\.m2\repository\org\seleniumhq\selenium\selenium-http\4.8.1\selenium-http-4.8.1.jar;C:\Users\nasee\.m2\repository\dev\failsafe\failsafe\3.3.0\failsafe-3.3.0.jar;C:\Users\nasee\.m2\repository\org\seleniumhq\selenium\selenium-json\4.8.1\selenium-json-4.8.1.jar;C:\Users\nasee\.m2\repository\org\seleniumhq\selenium\selenium-manager\4.8.1\selenium-manager-4.8.1.jar;C:\Users\nasee\.m2\repository\org\testng\testng\7.6.1\testng-7.6.1.jar;C:\Users\nasee\.m2\repository\com\google\code\findbugs\jsr305\3.0.2\jsr305-3.0.2.jar;C:\Users\nasee\.m2\repository\org\webjars\jquery\3.6.0\jquery-3.6.0.jar;"/>
    <property name="java.vm.vendor" value="Oracle Corporation"/>
    <property name="sun.arch.data.model" value="64"/>
    <property name="user.variant" value=""/>
    <property name="java.vendor.url" value="https://openjdk.java.net/"/>
    <property name="user.timezone" value="Asia/Calcutta"/>
    <property name="java.vm.specification.version" value="11"/>
    <property name="os.name" value="Windows 11"/>
    <property name="sun.java.launcher" value="SUN_STANDARD"/>
    <property name="user.country" value="US"/>
    <property name="sun.boot.library.path" value="C:\Program Files\Java\jdk-11\bin"/>
    <property name="sun.java.command" value="C:\Users\nasee\AppData\Local\Temp\surefire9119207739811258663\surefirebooter-20230805071514940_3.jar C:\Users\nasee\AppData\Local\Temp\surefire9119207739811258663 2023-08-05T07-15-14_621-jvmRun1 surefire-20230805071514940_1tmp surefire_0-20230805071514940_2tmp"/>
    <property name="jdk.debug" value="release"/>
    <property name="surefire.test.class.path" value="C:\Users\nasee\OneDrive\Documents\eclipse-workspace\MobileStudio\target\test-classes;C:\Users\nasee\OneDrive\Documents\eclipse-workspace\MobileStudio\target\classes;C:\Users\nasee\.m2\repository\io\appium\java-client\8.3.0\java-client-8.3.0.jar;C:\Users\nasee\.m2\repository\org\seleniumhq\selenium\selenium-support\4.11.0\selenium-support-4.11.0.jar;C:\Users\nasee\.m2\repository\com\google\code\gson\gson\2.10\gson-2.10.jar;C:\Users\nasee\.m2\repository\cglib\cglib\3.3.0\cglib-3.3.0.jar;C:\Users\nasee\.m2\repository\org\ow2\asm\asm\7.1\asm-7.1.jar;C:\Users\nasee\.m2\repository\commons-validator\commons-validator\1.7\commons-validator-1.7.jar;C:\Users\nasee\.m2\repository\commons-beanutils\commons-beanutils\1.9.4\commons-beanutils-1.9.4.jar;C:\Users\nasee\.m2\repository\commons-digester\commons-digester\2.1\commons-digester-2.1.jar;C:\Users\nasee\.m2\repository\commons-logging\commons-logging\1.2\commons-logging-1.2.jar;C:\Users\nasee\.m2\repository\commons-collections\commons-collections\3.2.2\commons-collections-3.2.2.jar;C:\Users\nasee\.m2\repository\org\apache\commons\commons-lang3\3.12.0\commons-lang3-3.12.0.jar;C:\Users\nasee\.m2\repository\commons-io\commons-io\2.11.0\commons-io-2.11.0.jar;C:\Users\nasee\.m2\repository\org\slf4j\slf4j-api\2.0.5\slf4j-api-2.0.5.jar;C:\Users\nasee\.m2\repository\org\seleniumhq\selenium\selenium-java\4.8.1\selenium-java-4.8.1.jar;C:\Users\nasee\.m2\repository\org\seleniumhq\selenium\selenium-chrome-driver\4.8.1\selenium-chrome-driver-4.8.1.jar;C:\Users\nasee\.m2\repository\org\seleniumhq\selenium\selenium-chromium-driver\4.8.1\selenium-chromium-driver-4.8.1.jar;C:\Users\nasee\.m2\repository\org\seleniumhq\selenium\selenium-devtools-v108\4.8.1\selenium-devtools-v108-4.8.1.jar;C:\Users\nasee\.m2\repository\org\seleniumhq\selenium\selenium-devtools-v109\4.8.1\selenium-devtools-v109-4.8.1.jar;C:\Users\nasee\.m2\repository\org\seleniumhq\selenium\selenium-devtools-v110\4.8.1\selenium-devtools-v110-4.8.1.jar;C:\Users\nasee\.m2\repository\org\seleniumhq\selenium\selenium-devtools-v85\4.8.1\selenium-devtools-v85-4.8.1.jar;C:\Users\nasee\.m2\repository\org\seleniumhq\selenium\selenium-edge-driver\4.8.1\selenium-edge-driver-4.8.1.jar;C:\Users\nasee\.m2\repository\org\seleniumhq\selenium\selenium-firefox-driver\4.8.1\selenium-firefox-driver-4.8.1.jar;C:\Users\nasee\.m2\repository\org\seleniumhq\selenium\selenium-ie-driver\4.8.1\selenium-ie-driver-4.8.1.jar;C:\Users\nasee\.m2\repository\org\seleniumhq\selenium\selenium-safari-driver\4.8.1\selenium-safari-driver-4.8.1.jar;C:\Users\nasee\.m2\repository\org\seleniumhq\selenium\selenium-api\4.8.1\selenium-api-4.8.1.jar;C:\Users\nasee\.m2\repository\org\seleniumhq\selenium\selenium-remote-driver\4.8.1\selenium-remote-driver-4.8.1.jar;C:\Users\nasee\.m2\repository\com\beust\jcommander\1.82\jcommander-1.82.jar;C:\Users\nasee\.m2\repository\com\google\auto\service\auto-service-annotations\1.0.1\auto-service-annotations-1.0.1.jar;C:\Users\nasee\.m2\repository\com\google\auto\service\auto-service\1.0.1\auto-service-1.0.1.jar;C:\Users\nasee\.m2\repository\com\google\auto\auto-common\1.2\auto-common-1.2.jar;C:\Users\nasee\.m2\repository\com\google\guava\guava\31.1-jre\guava-31.1-jre.jar;C:\Users\nasee\.m2\repository\com\google\guava\failureaccess\1.0.1\failureaccess-1.0.1.jar;C:\Users\nasee\.m2\repository\com\google\guava\listenablefuture\9999.0-empty-to-avoid-conflict-with-guava\listenablefuture-9999.0-empty-to-avoid-conflict-with-guava.jar;C:\Users\nasee\.m2\repository\org\checkerframework\checker-qual\3.12.0\checker-qual-3.12.0.jar;C:\Users\nasee\.m2\repository\com\google\errorprone\error_prone_annotations\2.11.0\error_prone_annotations-2.11.0.jar;C:\Users\nasee\.m2\repository\com\google\j2objc\j2objc-annotations\1.3\j2objc-annotations-1.3.jar;C:\Users\nasee\.m2\repository\io\netty\netty-buffer\4.1.87.Final\netty-buffer-4.1.87.Final.jar;C:\Users\nasee\.m2\repository\io\netty\netty-codec-http\4.1.87.Final\netty-codec-http-4.1.87.Final.jar;C:\Users\nasee\.m2\repository\io\netty\netty-codec\4.1.87.Final\netty-codec-4.1.87.Final.jar;C:\Users\nasee\.m2\repository\io\netty\netty-handler\4.1.87.Final\netty-handler-4.1.87.Final.jar;C:\Users\nasee\.m2\repository\io\netty\netty-common\4.1.87.Final\netty-common-4.1.87.Final.jar;C:\Users\nasee\.m2\repository\io\netty\netty-transport-classes-epoll\4.1.87.Final\netty-transport-classes-epoll-4.1.87.Final.jar;C:\Users\nasee\.m2\repository\io\netty\netty-transport-classes-kqueue\4.1.87.Final\netty-transport-classes-kqueue-4.1.87.Final.jar;C:\Users\nasee\.m2\repository\io\netty\netty-transport-native-epoll\4.1.87.Final\netty-transport-native-epoll-4.1.87.Final.jar;C:\Users\nasee\.m2\repository\io\netty\netty-transport-native-kqueue\4.1.87.Final\netty-transport-native-kqueue-4.1.87.Final.jar;C:\Users\nasee\.m2\repository\io\netty\netty-transport-native-unix-common\4.1.87.Final\netty-transport-native-unix-common-4.1.87.Final.jar;C:\Users\nasee\.m2\repository\io\netty\netty-transport\4.1.87.Final\netty-transport-4.1.87.Final.jar;C:\Users\nasee\.m2\repository\io\netty\netty-resolver\4.1.87.Final\netty-resolver-4.1.87.Final.jar;C:\Users\nasee\.m2\repository\io\opentelemetry\opentelemetry-api\1.22.0\opentelemetry-api-1.22.0.jar;C:\Users\nasee\.m2\repository\io\opentelemetry\opentelemetry-context\1.22.0\opentelemetry-context-1.22.0.jar;C:\Users\nasee\.m2\repository\io\opentelemetry\opentelemetry-exporter-logging\1.22.0\opentelemetry-exporter-logging-1.22.0.jar;C:\Users\nasee\.m2\repository\io\opentelemetry\opentelemetry-sdk-metrics\1.22.0\opentelemetry-sdk-metrics-1.22.0.jar;C:\Users\nasee\.m2\repository\io\opentelemetry\opentelemetry-sdk-logs\1.22.0-alpha\opentelemetry-sdk-logs-1.22.0-alpha.jar;C:\Users\nasee\.m2\repository\io\opentelemetry\opentelemetry-api-logs\1.22.0-alpha\opentelemetry-api-logs-1.22.0-alpha.jar;C:\Users\nasee\.m2\repository\io\opentelemetry\opentelemetry-sdk-common\1.22.0\opentelemetry-sdk-common-1.22.0.jar;C:\Users\nasee\.m2\repository\io\opentelemetry\opentelemetry-sdk-extension-autoconfigure-spi\1.22.0\opentelemetry-sdk-extension-autoconfigure-spi-1.22.0.jar;C:\Users\nasee\.m2\repository\io\opentelemetry\opentelemetry-sdk-extension-autoconfigure\1.22.0-alpha\opentelemetry-sdk-extension-autoconfigure-1.22.0-alpha.jar;C:\Users\nasee\.m2\repository\io\opentelemetry\opentelemetry-sdk-trace\1.22.0\opentelemetry-sdk-trace-1.22.0.jar;C:\Users\nasee\.m2\repository\io\opentelemetry\opentelemetry-sdk\1.22.0\opentelemetry-sdk-1.22.0.jar;C:\Users\nasee\.m2\repository\io\opentelemetry\opentelemetry-semconv\1.22.0-alpha\opentelemetry-semconv-1.22.0-alpha.jar;C:\Users\nasee\.m2\repository\io\ous\jtoml\2.0.0\jtoml-2.0.0.jar;C:\Users\nasee\.m2\repository\net\bytebuddy\byte-buddy\1.12.22\byte-buddy-1.12.22.jar;C:\Users\nasee\.m2\repository\org\apache\commons\commons-exec\1.3\commons-exec-1.3.jar;C:\Users\nasee\.m2\repository\org\asynchttpclient\async-http-client\2.12.3\async-http-client-2.12.3.jar;C:\Users\nasee\.m2\repository\org\asynchttpclient\async-http-client-netty-utils\2.12.3\async-http-client-netty-utils-2.12.3.jar;C:\Users\nasee\.m2\repository\io\netty\netty-codec-socks\4.1.60.Final\netty-codec-socks-4.1.60.Final.jar;C:\Users\nasee\.m2\repository\io\netty\netty-handler-proxy\4.1.60.Final\netty-handler-proxy-4.1.60.Final.jar;C:\Users\nasee\.m2\repository\io\netty\netty-transport-native-epoll\4.1.60.Final\netty-transport-native-epoll-4.1.60.Final-linux-x86_64.jar;C:\Users\nasee\.m2\repository\io\netty\netty-transport-native-kqueue\4.1.60.Final\netty-transport-native-kqueue-4.1.60.Final-osx-x86_64.jar;C:\Users\nasee\.m2\repository\org\reactivestreams\reactive-streams\1.0.3\reactive-streams-1.0.3.jar;C:\Users\nasee\.m2\repository\com\typesafe\netty\netty-reactive-streams\2.0.4\netty-reactive-streams-2.0.4.jar;C:\Users\nasee\.m2\repository\com\sun\activation\jakarta.activation\1.2.2\jakarta.activation-1.2.2.jar;C:\Users\nasee\.m2\repository\org\seleniumhq\selenium\selenium-http\4.8.1\selenium-http-4.8.1.jar;C:\Users\nasee\.m2\repository\dev\failsafe\failsafe\3.3.0\failsafe-3.3.0.jar;C:\Users\nasee\.m2\repository\org\seleniumhq\selenium\selenium-json\4.8.1\selenium-json-4.8.1.jar;C:\Users\nasee\.m2\repository\org\seleniumhq\selenium\selenium-manager\4.8.1\selenium-manager-4.8.1.jar;C:\Users\nasee\.m2\repository\org\testng\testng\7.6.1\testng-7.6.1.jar;C:\Users\nasee\.m2\repository\com\google\code\findbugs\jsr305\3.0.2\jsr305-3.0.2.jar;C:\Users\nasee\.m2\repository\org\webjars\jquery\3.6.0\jquery-3.6.0.jar;"/>
    <property name="sun.cpu.endian" value="little"/>
    <property name="user.home" value="C:\Users\nasee"/>
    <property name="user.language" value="en"/>
    <property name="java.specification.vendor" value="Oracle Corporation"/>
    <property name="java.version.date" value="2023-01-17"/>
    <property name="java.home" value="C:\Program Files\Java\jdk-11"/>
    <property name="file.separator" value="\"/>
    <property name="basedir" value="C:\Users\nasee\OneDrive\Documents\eclipse-workspace\MobileStudio"/>
    <property name="java.vm.compressedOopsMode" value="Zero based"/>
    <property name="line.separator" value="&#10;"/>
    <property name="java.specification.name" value="Java Platform API Specification"/>
    <property name="java.vm.specification.vendor" value="Oracle Corporation"/>
    <property name="java.awt.graphicsenv" value="sun.awt.Win32GraphicsEnvironment"/>
    <property name="surefire.real.class.path" value="C:\Users\nasee\AppData\Local\Temp\surefire9119207739811258663\surefirebooter-20230805071514940_3.jar"/>
    <property name="user.script" value=""/>
    <property name="sun.management.compiler" value="HotSpot 64-Bit Tiered Compilers"/>
    <property name="java.runtime.version" value="11.0.18+9-LTS-195"/>
    <property name="user.name" value="Rafi"/>
    <property name="path.separator" value=";"/>
    <property name="os.version" value="10.0"/>
    <property name="java.runtime.name" value="Java(TM) SE Runtime Environment"/>
    <property name="file.encoding" value="Cp1252"/>
    <property name="java.vm.name" value="Java HotSpot(TM) 64-Bit Server VM"/>
    <property name="java.vendor.version" value="18.9"/>
    <property name="localRepository" value="C:\Users\nasee\.m2\repository"/>
    <property name="java.vendor.url.bug" value="https://bugreport.java.com/bugreport/"/>
    <property name="java.io.tmpdir" value="C:\Users\nasee\AppData\Local\Temp\"/>
    <property name="java.version" value="11.0.18"/>
    <property name="user.dir" value="C:\Users\nasee\OneDrive\Documents\eclipse-workspace\MobileStudio"/>
    <property name="os.arch" value="amd64"/>
    <property name="java.vm.specification.name" value="Java Virtual Machine Specification"/>
    <property name="java.awt.printerjob" value="sun.awt.windows.WPrinterJob"/>
    <property name="sun.os.patch.level" value=""/>
    <property name="java.library.path" value="C:\Program Files\Java\jdk-11\bin;C:\Windows\Sun\Java\bin;C:\Windows\system32;C:\Windows;C:\Windows\system32;C:\Windows;C:\Windows\System32\Wbem;C:\Windows\System32\WindowsPowerShell\v1.0\;C:\Windows\System32\OpenSSH\;C:\Program Files\Java\jdk-11\bin;C:\Program Files\Common Files\Oracle\Java\javapath;C:\Users\nasee\OneDrive\Desktop\Android\platform-tools;C:\Users\nasee\OneDrive\Desktop\Android\tools;C:\Program Files\Git\cmd;C:\Program Files\nodejs;C:\Program Files\nodejs\node_modules\npm\bin;C:\Users\nasee\AppData\Local\Android\Sdk\cmdline-tools;C:\Users\nasee\AppData\Local\Android\Sdk\emulator;C:\Users\nasee\AppData\Local\Android\Sdk\platforms;C:\Users\nasee\OneDrive\Desktop\Appium\apache-maven-3.9.4-bin\apache-maven-3.9.4\bin;C:\Users\nasee\AppData\Local\Microsoft\WindowsApps;C:\Users\nasee\AppData\Roaming\npm;."/>
    <property name="java.vendor" value="Oracle Corporation"/>
    <property name="java.vm.info" value="mixed mode"/>
    <property name="java.vm.version" value="11.0.18+9-LTS-195"/>
    <property name="sun.io.unicode.encoding" value="UnicodeLittle"/>
    <property name="java.class.version" value="55.0"/>
  </properties>
  <testcase name="lunchbrowser" classname="Mobileauto.emulatorDevice" time="74.547">
    <system-out><![CDATA[&amp#27;[35m[Appium]&amp#27;[39m Welcome to Appium v2.0.0-rc.5 (REV HEAD)
&amp#27;[35m[Appium]&amp#27;[39m Non-default server args:
&amp#27;[35m[Appium]&amp#27;[39m { address: &amp#27;[32m'127.0.0.1'&amp#27;[39m }
&amp#27;[35m[Appium]&amp#27;[39m Attempting to load driver uiautomator2...
[debug] &amp#27;[35m[Appium]&amp#27;[39m Requiring driver at C:\Users\nasee\node_modules\appium-uiautomator2-driver
&amp#27;[35m[Appium]&amp#27;[39m Appium REST http interface listener started on http://127.0.0.1:4723
&amp#27;[35m[Appium]&amp#27;[39m Available drivers:
&amp#27;[35m[Appium]&amp#27;[39m   - uiautomator2@2.29.2 (automationName 'UiAutomator2')
&amp#27;[35m[Appium]&amp#27;[39m No plugins have been installed. Use the "appium plugin" command to install the one(s) you want to use.
&amp#27;[38;5;0m[HTTP]&amp#27;[0m &amp#27;[37m-->&amp#27;[39m &amp#27;[37mGET&amp#27;[39m &amp#27;[37m/status&amp#27;[39m
&amp#27;[38;5;0m[HTTP]&amp#27;[0m &amp#27;[90m{}&amp#27;[39m
[debug] &amp#27;[38;5;16m[AppiumDriver@a1c3]&amp#27;[0m Calling AppiumDriver.getStatus() with args: []
[debug] &amp#27;[38;5;16m[AppiumDriver@a1c3]&amp#27;[0m Responding to client with driver.getStatus() result: {"build":{"version":"2.0.0-rc.5","git-sha":"HEAD"}}
&amp#27;[38;5;0m[HTTP]&amp#27;[0m &amp#27;[37m<-- GET /status &amp#27;[39m&amp#27;[32m200&amp#27;[39m &amp#27;[90m6 ms - 61&amp#27;[39m
&amp#27;[38;5;0m[HTTP]&amp#27;[0m &amp#27;[90m&amp#27;[39m
Raif
[debug] &amp#27;[38;5;0m[HTTP]&amp#27;[0m Request idempotency key: 72bd08ba-ac2e-444e-9950-2fedf7015681
&amp#27;[38;5;0m[HTTP]&amp#27;[0m &amp#27;[37m-->&amp#27;[39m &amp#27;[37mPOST&amp#27;[39m &amp#27;[37m/session&amp#27;[39m
&amp#27;[38;5;0m[HTTP]&amp#27;[0m &amp#27;[90m{"capabilities":{"firstMatch":[{}],"alwaysMatch":{"appium:app":"C:\\Users\\nasee\\OneDrive\\Documents\\eclipse-workspace\\MobileStudio\\resurce\\android_apis_v0.4.apk","appium:autoAcceptAlerts":true,"appium:automationName":"UiAutomator2","appium:avd":"Pixel_6","appium:avdLaunchTimeout":120000,"appium:avdReadyTimeout":60000,"appium:deviceName":"pixel_6","appium:no-reset":" false","appium:platformVersion":"28","appium:resetKeyboard":false,"appium:udid":"emulator-5554","appium:unicodeKeyboard":false,"platformName":"android"}}}&amp#27;[39m
[debug] &amp#27;[38;5;16m[AppiumDriver@a1c3]&amp#27;[0m Calling AppiumDriver.createSession() with args: [null,null,{"firstMatch":[{}],"alwaysMatch":{"appium:app":"C:\\Users\\nasee\\OneDrive\\Documents\\eclipse-workspace\\MobileStudio\\resurce\\android_apis_v0.4.apk","appium:autoAcceptAlerts":true,"appium:automationName":"UiAutomator2","appium:avd":"Pixel_6","appium:avdLaunchTimeout":120000,"appium:avdReadyTimeout":60000,"appium:deviceName":"pixel_6","appium:no-reset":" false","appium:platformVersion":"28","appium:resetKeyboard":false,"appium:udid":"emulator-5554","appium:unicodeKeyboard":false,"platformName":"android"}}]
[debug] &amp#27;[38;5;16m[AppiumDriver@a1c3]&amp#27;[0m Event 'newSessionRequested' logged at 1691199924433 (07:15:24 GMT+0530 (India Standard Time))
&amp#27;[35m[Appium]&amp#27;[39m Attempting to find matching driver for automationName 'UiAutomator2' and platformName 'android'
&amp#27;[35m[Appium]&amp#27;[39m The 'uiautomator2' driver was installed and matched caps.
&amp#27;[35m[Appium]&amp#27;[39m Will require it at C:\Users\nasee\node_modules\appium-uiautomator2-driver
[debug] &amp#27;[35m[Appium]&amp#27;[39m Requiring driver at C:\Users\nasee\node_modules\appium-uiautomator2-driver
&amp#27;[38;5;16m[AppiumDriver@a1c3]&amp#27;[0m Appium v2.0.0-rc.5 creating new AndroidUiautomator2Driver (v2.29.2) session
&amp#27;[38;5;16m[AppiumDriver@a1c3]&amp#27;[0m Checking BaseDriver versions for Appium and AndroidUiautomator2Driver
&amp#27;[38;5;16m[AppiumDriver@a1c3]&amp#27;[0m Appium's BaseDriver version is 9.3.15
&amp#27;[38;5;16m[AppiumDriver@a1c3]&amp#27;[0m AndroidUiautomator2Driver's BaseDriver version is 9.3.15
[debug] &amp#27;[38;5;32m[AndroidUiautomator2Driver@7f2d]&amp#27;[0m Creating session with W3C capabilities: {
[debug] &amp#27;[38;5;32m[AndroidUiautomator2Driver@7f2d]&amp#27;[0m   "alwaysMatch": {
[debug] &amp#27;[38;5;32m[AndroidUiautomator2Driver@7f2d]&amp#27;[0m     "platformName": "android",
[debug] &amp#27;[38;5;32m[AndroidUiautomator2Driver@7f2d]&amp#27;[0m     "appium:app": "C:\\Users\\nasee\\OneDrive\\Documents\\eclipse-workspace\\MobileStudio\\resurce\\android_apis_v0.4.apk",
[debug] &amp#27;[38;5;32m[AndroidUiautomator2Driver@7f2d]&amp#27;[0m     "appium:autoAcceptAlerts": true,
[debug] &amp#27;[38;5;32m[AndroidUiautomator2Driver@7f2d]&amp#27;[0m     "appium:automationName": "UiAutomator2",
[debug] &amp#27;[38;5;32m[AndroidUiautomator2Driver@7f2d]&amp#27;[0m     "appium:avd": "Pixel_6",
[debug] &amp#27;[38;5;32m[AndroidUiautomator2Driver@7f2d]&amp#27;[0m     "appium:avdLaunchTimeout": 120000,
[debug] &amp#27;[38;5;32m[AndroidUiautomator2Driver@7f2d]&amp#27;[0m     "appium:avdReadyTimeout": 60000,
[debug] &amp#27;[38;5;32m[AndroidUiautomator2Driver@7f2d]&amp#27;[0m     "appium:deviceName": "pixel_6",
[debug] &amp#27;[38;5;32m[AndroidUiautomator2Driver@7f2d]&amp#27;[0m     "appium:no-reset": " false",
[debug] &amp#27;[38;5;32m[AndroidUiautomator2Driver@7f2d]&amp#27;[0m     "appium:platformVersion": "28",
[debug] &amp#27;[38;5;32m[AndroidUiautomator2Driver@7f2d]&amp#27;[0m     "appium:resetKeyboard": false,
[debug] &amp#27;[38;5;32m[AndroidUiautomator2Driver@7f2d]&amp#27;[0m     "appium:udid": "emulator-5554",
[debug] &amp#27;[38;5;32m[AndroidUiautomator2Driver@7f2d]&amp#27;[0m     "appium:unicodeKeyboard": false
[debug] &amp#27;[38;5;32m[AndroidUiautomator2Driver@7f2d]&amp#27;[0m   },
[debug] &amp#27;[38;5;32m[AndroidUiautomator2Driver@7f2d]&amp#27;[0m   "firstMatch": [
[debug] &amp#27;[38;5;32m[AndroidUiautomator2Driver@7f2d]&amp#27;[0m     {}
[debug] &amp#27;[38;5;32m[AndroidUiautomator2Driver@7f2d]&amp#27;[0m   ]
[debug] &amp#27;[38;5;32m[AndroidUiautomator2Driver@7f2d]&amp#27;[0m }
&amp#27;[38;5;32m[AndroidUiautomator2Driver@7f2d]&amp#27;[0m The following capabilities were provided, but are not recognized by Appium:
&amp#27;[38;5;32m[AndroidUiautomator2Driver@7f2d]&amp#27;[0m   autoAcceptAlerts
&amp#27;[38;5;32m[AndroidUiautomator2Driver@7f2d]&amp#27;[0m   deviceName
&amp#27;[38;5;32m[AndroidUiautomator2Driver@7f2d]&amp#27;[0m   no-reset
&amp#27;[38;5;32m[AndroidUiautomator2Driver@7f2d (73149194)]&amp#27;[0m Session created with session id: 73149194-a137-4f64-b408-6248d080a2e4
&amp#27;[38;5;48m[BaseDriver]&amp#27;[0m Using local app 'C:\Users\nasee\OneDrive\Documents\eclipse-workspace\MobileStudio\resurce\android_apis_v0.4.apk'
[debug] &amp#27;[38;5;32m[AndroidUiautomator2Driver@7f2d (73149194)]&amp#27;[0m Checking whether app is actually present
&amp#27;[38;5;64m[ADB]&amp#27;[0m Found 1 'build-tools' folders under 'C:\Users\nasee\AppData\Local\Android\Sdk' (newest first):
&amp#27;[38;5;64m[ADB]&amp#27;[0m     C:/Users/nasee/AppData/Local/Android/Sdk/build-tools/34.0.0
&amp#27;[38;5;64m[ADB]&amp#27;[0m Using 'adb.exe' from 'C:\Users\nasee\AppData\Local\Android\Sdk\platform-tools\adb.exe'
[debug] &amp#27;[38;5;64m[ADB]&amp#27;[0m Running 'C:\Users\nasee\AppData\Local\Android\Sdk\platform-tools\adb.exe -P 5037 start-server'
[debug] &amp#27;[38;5;64m[ADB]&amp#27;[0m Trying to find 'Pixel_6' emulator
[debug] &amp#27;[38;5;64m[ADB]&amp#27;[0m Getting connected emulators
[debug] &amp#27;[38;5;64m[ADB]&amp#27;[0m Getting connected devices
[debug] &amp#27;[38;5;64m[ADB]&amp#27;[0m No connected devices have been detected
[debug] &amp#27;[38;5;64m[ADB]&amp#27;[0m 0 emulators connected
[debug] &amp#27;[38;5;64m[ADB]&amp#27;[0m Emulator 'Pixel_6' not running
[debug] &amp#27;[38;5;64m[ADB]&amp#27;[0m Trying to find 'Pixel_6' emulator
[debug] &amp#27;[38;5;64m[ADB]&amp#27;[0m Getting connected emulators
[debug] &amp#27;[38;5;64m[ADB]&amp#27;[0m Getting connected devices
[debug] &amp#27;[38;5;64m[ADB]&amp#27;[0m No connected devices have been detected
[debug] &amp#27;[38;5;64m[ADB]&amp#27;[0m 0 emulators connected
[debug] &amp#27;[38;5;64m[ADB]&amp#27;[0m Emulator 'Pixel_6' not running
[debug] &amp#27;[38;5;64m[ADB]&amp#27;[0m Trying to find 'Pixel_6' emulator
[debug] &amp#27;[38;5;64m[ADB]&amp#27;[0m Getting connected emulators
[debug] &amp#27;[38;5;64m[ADB]&amp#27;[0m Getting connected devices
[debug] &amp#27;[38;5;64m[ADB]&amp#27;[0m No connected devices have been detected
[debug] &amp#27;[38;5;64m[ADB]&amp#27;[0m 0 emulators connected
[debug] &amp#27;[38;5;64m[ADB]&amp#27;[0m Emulator 'Pixel_6' not running
[debug] &amp#27;[38;5;64m[ADB]&amp#27;[0m Trying to find 'Pixel_6' emulator
[debug] &amp#27;[38;5;64m[ADB]&amp#27;[0m Getting connected emulators
[debug] &amp#27;[38;5;64m[ADB]&amp#27;[0m Getting connected devices
[debug] &amp#27;[38;5;64m[ADB]&amp#27;[0m No connected devices have been detected
[debug] &amp#27;[38;5;64m[ADB]&amp#27;[0m 0 emulators connected
[debug] &amp#27;[38;5;64m[ADB]&amp#27;[0m Emulator 'Pixel_6' not running
[debug] &amp#27;[38;5;64m[ADB]&amp#27;[0m Trying to find 'Pixel_6' emulator
[debug] &amp#27;[38;5;64m[ADB]&amp#27;[0m Getting connected emulators
[debug] &amp#27;[38;5;64m[ADB]&amp#27;[0m Getting connected devices
[debug] &amp#27;[38;5;64m[ADB]&amp#27;[0m No connected devices have been detected
[debug] &amp#27;[38;5;64m[ADB]&amp#27;[0m 0 emulators connected
[debug] &amp#27;[38;5;64m[ADB]&amp#27;[0m Emulator 'Pixel_6' not running
[debug] &amp#27;[38;5;64m[ADB]&amp#27;[0m Trying to find 'Pixel_6' emulator
[debug] &amp#27;[38;5;64m[ADB]&amp#27;[0m Getting connected emulators
[debug] &amp#27;[38;5;64m[ADB]&amp#27;[0m Getting connected devices
[debug] &amp#27;[38;5;64m[ADB]&amp#27;[0m No connected devices have been detected
[debug] &amp#27;[38;5;64m[ADB]&amp#27;[0m 0 emulators connected
[debug] &amp#27;[38;5;64m[ADB]&amp#27;[0m Emulator 'Pixel_6' not running
[debug] &amp#27;[38;5;80m[AndroidDriver]&amp#27;[0m Emulator 'Pixel_6' is not running: Error getting AVD with retry. Original error: Condition unmet after 5030 ms. Timing out.
[debug] &amp#27;[38;5;64m[ADB]&amp#27;[0m Launching Emulator with AVD Pixel_6, launchTimeout 120000ms and readyTimeout 60000ms
&amp#27;[38;5;64m[ADB]&amp#27;[0m Using 'emulator.exe' from 'C:\Users\nasee\AppData\Local\Android\Sdk\emulator\emulator.exe'
[debug] &amp#27;[38;5;64m[ADB]&amp#27;[0m Running 'C:\Users\nasee\AppData\Local\Android\Sdk\emulator\emulator.exe' with args: -avd Pixel_6 -delay-adb
[debug] &amp#27;[38;5;64m[ADB]&amp#27;[0m Trying to find 'Pixel_6' emulator
[debug] &amp#27;[38;5;64m[ADB]&amp#27;[0m Getting connected emulators
[debug] &amp#27;[38;5;64m[ADB]&amp#27;[0m Getting connected devices
&amp#27;[38;5;64m[ADB]&amp#27;[0m [AVD OUTPUT] INFO    | Android emulator version 32.1.14.0 (build_id 10330179) (CL:N/A)
&amp#27;[38;5;64m[ADB]&amp#27;[0m [AVD OUTPUT] INFO    | Found systemPath C:\Users\nasee\AppData\Local\Android\Sdk\system-images\android-28\google_apis_playstore\x86\
[debug] &amp#27;[38;5;64m[ADB]&amp#27;[0m No connected devices have been detected
[debug] &amp#27;[38;5;64m[ADB]&amp#27;[0m 0 emulators connected
[debug] &amp#27;[38;5;64m[ADB]&amp#27;[0m Emulator 'Pixel_6' not running
&amp#27;[38;5;64m[ADB]&amp#27;[0m [AVD OUTPUT] INFO    | Storing crashdata in: C:\Users\nasee\AppData\Local\Temp\\AndroidEmulator\emu-crash.db, detection is enabled
&amp#27;[38;5;64m[ADB]&amp#27;[0m [AVD OUTPUT] INFO    | Duplicate loglines will be removed, if you wish to see each indiviudal line launch with the -log-nofilter flag.
&amp#27;[38;5;64m[ADB]&amp#27;[0m [AVD OUTPUT] INFO    | IPv4 server found: 8.8.8.8
&amp#27;[38;5;64m[ADB]&amp#27;[0m [AVD OUTPUT] INFO    | added library vulkan-1.dll
&amp#27;[38;5;64m[ADB]&amp#27;[0m [AVD OUTPUT] WHPX on Windows 10.0.22621 detected.
&amp#27;[38;5;64m[ADB]&amp#27;[0m [AVD OUTPUT] Windows Hypervisor Platform accelerator is operational
&amp#27;[38;5;64m[ADB]&amp#27;[0m [AVD OUTPUT] WARNING | *** No gRPC protection active, consider launching with the -grpc-use-jwt flag.***
&amp#27;[38;5;64m[ADB]&amp#27;[0m [AVD OUTPUT] INFO    | Started GRPC server at 127.0.0.1:8554, security: Local, auth: none
&amp#27;[38;5;64m[ADB]&amp#27;[0m [AVD OUTPUT] INFO    | Advertising in: C:\Users\nasee\AppData\Local\Temp\avd\running\pid_12928.ini
[debug] &amp#27;[38;5;64m[ADB]&amp#27;[0m Trying to find 'Pixel_6' emulator
[debug] &amp#27;[38;5;64m[ADB]&amp#27;[0m Getting connected emulators
[debug] &amp#27;[38;5;64m[ADB]&amp#27;[0m Getting connected devices
[debug] &amp#27;[38;5;64m[ADB]&amp#27;[0m No connected devices have been detected
[debug] &amp#27;[38;5;64m[ADB]&amp#27;[0m 0 emulators connected
[debug] &amp#27;[38;5;64m[ADB]&amp#27;[0m Emulator 'Pixel_6' not running
[debug] &amp#27;[38;5;64m[ADB]&amp#27;[0m Trying to find 'Pixel_6' emulator
[debug] &amp#27;[38;5;64m[ADB]&amp#27;[0m Getting connected emulators
[debug] &amp#27;[38;5;64m[ADB]&amp#27;[0m Getting connected devices
[debug] &amp#27;[38;5;64m[ADB]&amp#27;[0m No connected devices have been detected
[debug] &amp#27;[38;5;64m[ADB]&amp#27;[0m 0 emulators connected
[debug] &amp#27;[38;5;64m[ADB]&amp#27;[0m Emulator 'Pixel_6' not running
&amp#27;[38;5;64m[ADB]&amp#27;[0m [AVD OUTPUT] INFO    | Setting display: 0 configuration to: 1080x2400, dpi: 420x420 
[debug] &amp#27;[38;5;64m[ADB]&amp#27;[0m Trying to find 'Pixel_6' emulator
[debug] &amp#27;[38;5;64m[ADB]&amp#27;[0m Getting connected emulators
[debug] &amp#27;[38;5;64m[ADB]&amp#27;[0m Getting connected devices
[debug] &amp#27;[38;5;64m[ADB]&amp#27;[0m No connected devices have been detected
[debug] &amp#27;[38;5;64m[ADB]&amp#27;[0m 0 emulators connected
[debug] &amp#27;[38;5;64m[ADB]&amp#27;[0m Emulator 'Pixel_6' not running
[debug] &amp#27;[38;5;64m[ADB]&amp#27;[0m Trying to find 'Pixel_6' emulator
[debug] &amp#27;[38;5;64m[ADB]&amp#27;[0m Getting connected emulators
[debug] &amp#27;[38;5;64m[ADB]&amp#27;[0m Getting connected devices
[debug] &amp#27;[38;5;64m[ADB]&amp#27;[0m No connected devices have been detected
[debug] &amp#27;[38;5;64m[ADB]&amp#27;[0m 0 emulators connected
[debug] &amp#27;[38;5;64m[ADB]&amp#27;[0m Emulator 'Pixel_6' not running
[debug] &amp#27;[38;5;64m[ADB]&amp#27;[0m Trying to find 'Pixel_6' emulator
[debug] &amp#27;[38;5;64m[ADB]&amp#27;[0m Getting connected emulators
[debug] &amp#27;[38;5;64m[ADB]&amp#27;[0m Getting connected devices
[debug] &amp#27;[38;5;64m[ADB]&amp#27;[0m No connected devices have been detected
[debug] &amp#27;[38;5;64m[ADB]&amp#27;[0m 0 emulators connected
[debug] &amp#27;[38;5;64m[ADB]&amp#27;[0m Emulator 'Pixel_6' not running
[debug] &amp#27;[38;5;64m[ADB]&amp#27;[0m Trying to find 'Pixel_6' emulator
[debug] &amp#27;[38;5;64m[ADB]&amp#27;[0m Getting connected emulators
[debug] &amp#27;[38;5;64m[ADB]&amp#27;[0m Getting connected devices
[debug] &amp#27;[38;5;64m[ADB]&amp#27;[0m No connected devices have been detected
[debug] &amp#27;[38;5;64m[ADB]&amp#27;[0m 0 emulators connected
[debug] &amp#27;[38;5;64m[ADB]&amp#27;[0m Emulator 'Pixel_6' not running
[debug] &amp#27;[38;5;64m[ADB]&amp#27;[0m Trying to find 'Pixel_6' emulator
[debug] &amp#27;[38;5;64m[ADB]&amp#27;[0m Getting connected emulators
[debug] &amp#27;[38;5;64m[ADB]&amp#27;[0m Getting connected devices
[debug] &amp#27;[38;5;64m[ADB]&amp#27;[0m No connected devices have been detected
[debug] &amp#27;[38;5;64m[ADB]&amp#27;[0m 0 emulators connected
[debug] &amp#27;[38;5;64m[ADB]&amp#27;[0m Emulator 'Pixel_6' not running
[debug] &amp#27;[38;5;64m[ADB]&amp#27;[0m Trying to find 'Pixel_6' emulator
[debug] &amp#27;[38;5;64m[ADB]&amp#27;[0m Getting connected emulators
[debug] &amp#27;[38;5;64m[ADB]&amp#27;[0m Getting connected devices
[debug] &amp#27;[38;5;64m[ADB]&amp#27;[0m No connected devices have been detected
[debug] &amp#27;[38;5;64m[ADB]&amp#27;[0m 0 emulators connected
[debug] &amp#27;[38;5;64m[ADB]&amp#27;[0m Emulator 'Pixel_6' not running
[debug] &amp#27;[38;5;64m[ADB]&amp#27;[0m Trying to find 'Pixel_6' emulator
[debug] &amp#27;[38;5;64m[ADB]&amp#27;[0m Getting connected emulators
[debug] &amp#27;[38;5;64m[ADB]&amp#27;[0m Getting connected devices
[debug] &amp#27;[38;5;64m[ADB]&amp#27;[0m No connected devices have been detected
[debug] &amp#27;[38;5;64m[ADB]&amp#27;[0m 0 emulators connected
[debug] &amp#27;[38;5;64m[ADB]&amp#27;[0m Emulator 'Pixel_6' not running
[debug] &amp#27;[38;5;64m[ADB]&amp#27;[0m Trying to find 'Pixel_6' emulator
[debug] &amp#27;[38;5;64m[ADB]&amp#27;[0m Getting connected emulators
[debug] &amp#27;[38;5;64m[ADB]&amp#27;[0m Getting connected devices
[debug] &amp#27;[38;5;64m[ADB]&amp#27;[0m No connected devices have been detected
[debug] &amp#27;[38;5;64m[ADB]&amp#27;[0m 0 emulators connected
[debug] &amp#27;[38;5;64m[ADB]&amp#27;[0m Emulator 'Pixel_6' not running
[debug] &amp#27;[38;5;64m[ADB]&amp#27;[0m Trying to find 'Pixel_6' emulator
[debug] &amp#27;[38;5;64m[ADB]&amp#27;[0m Getting connected emulators
[debug] &amp#27;[38;5;64m[ADB]&amp#27;[0m Getting connected devices
[debug] &amp#27;[38;5;64m[ADB]&amp#27;[0m No connected devices have been detected
[debug] &amp#27;[38;5;64m[ADB]&amp#27;[0m 0 emulators connected
[debug] &amp#27;[38;5;64m[ADB]&amp#27;[0m Emulator 'Pixel_6' not running
[debug] &amp#27;[38;5;64m[ADB]&amp#27;[0m Trying to find 'Pixel_6' emulator
[debug] &amp#27;[38;5;64m[ADB]&amp#27;[0m Getting connected emulators
[debug] &amp#27;[38;5;64m[ADB]&amp#27;[0m Getting connected devices
[debug] &amp#27;[38;5;64m[ADB]&amp#27;[0m No connected devices have been detected
[debug] &amp#27;[38;5;64m[ADB]&amp#27;[0m 0 emulators connected
[debug] &amp#27;[38;5;64m[ADB]&amp#27;[0m Emulator 'Pixel_6' not running
[debug] &amp#27;[38;5;64m[ADB]&amp#27;[0m Trying to find 'Pixel_6' emulator
[debug] &amp#27;[38;5;64m[ADB]&amp#27;[0m Getting connected emulators
[debug] &amp#27;[38;5;64m[ADB]&amp#27;[0m Getting connected devices
[debug] &amp#27;[38;5;64m[ADB]&amp#27;[0m No connected devices have been detected
[debug] &amp#27;[38;5;64m[ADB]&amp#27;[0m 0 emulators connected
[debug] &amp#27;[38;5;64m[ADB]&amp#27;[0m Emulator 'Pixel_6' not running
[debug] &amp#27;[38;5;64m[ADB]&amp#27;[0m Trying to find 'Pixel_6' emulator
[debug] &amp#27;[38;5;64m[ADB]&amp#27;[0m Getting connected emulators
[debug] &amp#27;[38;5;64m[ADB]&amp#27;[0m Getting connected devices
[debug] &amp#27;[38;5;64m[ADB]&amp#27;[0m No connected devices have been detected
[debug] &amp#27;[38;5;64m[ADB]&amp#27;[0m 0 emulators connected
[debug] &amp#27;[38;5;64m[ADB]&amp#27;[0m Emulator 'Pixel_6' not running
[debug] &amp#27;[38;5;64m[ADB]&amp#27;[0m Trying to find 'Pixel_6' emulator
[debug] &amp#27;[38;5;64m[ADB]&amp#27;[0m Getting connected emulators
[debug] &amp#27;[38;5;64m[ADB]&amp#27;[0m Getting connected devices
[debug] &amp#27;[38;5;64m[ADB]&amp#27;[0m No connected devices have been detected
[debug] &amp#27;[38;5;64m[ADB]&amp#27;[0m 0 emulators connected
[debug] &amp#27;[38;5;64m[ADB]&amp#27;[0m Emulator 'Pixel_6' not running
[debug] &amp#27;[38;5;64m[ADB]&amp#27;[0m Trying to find 'Pixel_6' emulator
[debug] &amp#27;[38;5;64m[ADB]&amp#27;[0m Getting connected emulators
[debug] &amp#27;[38;5;64m[ADB]&amp#27;[0m Getting connected devices
[debug] &amp#27;[38;5;64m[ADB]&amp#27;[0m No connected devices have been detected
[debug] &amp#27;[38;5;64m[ADB]&amp#27;[0m 0 emulators connected
[debug] &amp#27;[38;5;64m[ADB]&amp#27;[0m Emulator 'Pixel_6' not running
[debug] &amp#27;[38;5;64m[ADB]&amp#27;[0m Trying to find 'Pixel_6' emulator
[debug] &amp#27;[38;5;64m[ADB]&amp#27;[0m Getting connected emulators
[debug] &amp#27;[38;5;64m[ADB]&amp#27;[0m Getting connected devices
[debug] &amp#27;[38;5;64m[ADB]&amp#27;[0m No connected devices have been detected
[debug] &amp#27;[38;5;64m[ADB]&amp#27;[0m 0 emulators connected
[debug] &amp#27;[38;5;64m[ADB]&amp#27;[0m Emulator 'Pixel_6' not running
[debug] &amp#27;[38;5;64m[ADB]&amp#27;[0m Trying to find 'Pixel_6' emulator
[debug] &amp#27;[38;5;64m[ADB]&amp#27;[0m Getting connected emulators
[debug] &amp#27;[38;5;64m[ADB]&amp#27;[0m Getting connected devices
[debug] &amp#27;[38;5;64m[ADB]&amp#27;[0m No connected devices have been detected
[debug] &amp#27;[38;5;64m[ADB]&amp#27;[0m 0 emulators connected
[debug] &amp#27;[38;5;64m[ADB]&amp#27;[0m Emulator 'Pixel_6' not running
[debug] &amp#27;[38;5;64m[ADB]&amp#27;[0m Trying to find 'Pixel_6' emulator
[debug] &amp#27;[38;5;64m[ADB]&amp#27;[0m Getting connected emulators
[debug] &amp#27;[38;5;64m[ADB]&amp#27;[0m Getting connected devices
[debug] &amp#27;[38;5;64m[ADB]&amp#27;[0m No connected devices have been detected
[debug] &amp#27;[38;5;64m[ADB]&amp#27;[0m 0 emulators connected
[debug] &amp#27;[38;5;64m[ADB]&amp#27;[0m Emulator 'Pixel_6' not running
[debug] &amp#27;[38;5;64m[ADB]&amp#27;[0m Trying to find 'Pixel_6' emulator
[debug] &amp#27;[38;5;64m[ADB]&amp#27;[0m Getting connected emulators
[debug] &amp#27;[38;5;64m[ADB]&amp#27;[0m Getting connected devices
[debug] &amp#27;[38;5;64m[ADB]&amp#27;[0m No connected devices have been detected
[debug] &amp#27;[38;5;64m[ADB]&amp#27;[0m 0 emulators connected
[debug] &amp#27;[38;5;64m[ADB]&amp#27;[0m Emulator 'Pixel_6' not running
&amp#27;[38;5;64m[ADB]&amp#27;[0m [AVD OUTPUT] INFO    | Boot completed
&amp#27;[38;5;64m[ADB]&amp#27;[0m [AVD OUTPUT] INFO    | Increasing screen off timeout, logcat buffer size to 2M.
&amp#27;[38;5;64m[ADB]&amp#27;[0m [AVD OUTPUT] INFO    | Revoking microphone permissions for Google App.
[debug] &amp#27;[38;5;64m[ADB]&amp#27;[0m Trying to find 'Pixel_6' emulator
[debug] &amp#27;[38;5;64m[ADB]&amp#27;[0m Getting connected emulators
[debug] &amp#27;[38;5;64m[ADB]&amp#27;[0m Getting connected devices
[debug] &amp#27;[38;5;64m[ADB]&amp#27;[0m Connected devices: [{"udid":"emulator-5554","state":"device"}]
[debug] &amp#27;[38;5;64m[ADB]&amp#27;[0m 1 emulator connected
[debug] &amp#27;[38;5;64m[ADB]&amp#27;[0m Overriding C:\Users\nasee\.emulator_console_auth_token with an empty string to avoid telnet authentication for emulator commands
[debug] &amp#27;[38;5;64m[ADB]&amp#27;[0m Executing Emulator console command: avd name
[debug] &amp#27;[38;5;64m[ADB]&amp#27;[0m Found emulator 'Pixel_6' on port 5554
[debug] &amp#27;[38;5;64m[ADB]&amp#27;[0m Setting device id to emulator-5554
[debug] &amp#27;[38;5;64m[ADB]&amp#27;[0m Running 'C:\Users\nasee\AppData\Local\Android\Sdk\platform-tools\adb.exe -P 5037 -s emulator-5554 wait-for-device'
[debug] &amp#27;[38;5;64m[ADB]&amp#27;[0m Running 'C:\Users\nasee\AppData\Local\Android\Sdk\platform-tools\adb.exe -P 5037 -s emulator-5554 shell getprop ro.build.version.sdk'
[debug] &amp#27;[38;5;64m[ADB]&amp#27;[0m Current device property 'ro.build.version.sdk': 28
&amp#27;[38;5;64m[ADB]&amp#27;[0m Getting device platform version
[debug] &amp#27;[38;5;64m[ADB]&amp#27;[0m Running 'C:\Users\nasee\AppData\Local\Android\Sdk\platform-tools\adb.exe -P 5037 -s emulator-5554 shell getprop ro.build.version.release'
[debug] &amp#27;[38;5;64m[ADB]&amp#27;[0m Current device property 'ro.build.version.release': 9
[debug] &amp#27;[38;5;64m[ADB]&amp#27;[0m Device API level: 28
[debug] &amp#27;[38;5;64m[ADB]&amp#27;[0m Running 'C:\Users\nasee\AppData\Local\Android\Sdk\platform-tools\adb.exe -P 5037 -s emulator-5554 shell service list'
&amp#27;[38;5;80m[AndroidDriver]&amp#27;[0m Using device: emulator-5554
&amp#27;[38;5;64m[ADB]&amp#27;[0m Using 'adb.exe' from 'C:\Users\nasee\AppData\Local\Android\Sdk\platform-tools\adb.exe'
[debug] &amp#27;[38;5;64m[ADB]&amp#27;[0m Running 'C:\Users\nasee\AppData\Local\Android\Sdk\platform-tools\adb.exe -P 5037 start-server'
[debug] &amp#27;[38;5;64m[ADB]&amp#27;[0m Setting device id to emulator-5554
[debug] &amp#27;[38;5;64m[ADB]&amp#27;[0m Running 'C:\Users\nasee\AppData\Local\Android\Sdk\platform-tools\adb.exe -P 5037 -s emulator-5554 shell getprop ro.build.version.sdk'
[debug] &amp#27;[38;5;64m[ADB]&amp#27;[0m Current device property 'ro.build.version.sdk': 28
&amp#27;[38;5;64m[ADB]&amp#27;[0m Getting device platform version
[debug] &amp#27;[38;5;64m[ADB]&amp#27;[0m Running 'C:\Users\nasee\AppData\Local\Android\Sdk\platform-tools\adb.exe -P 5037 -s emulator-5554 shell getprop ro.build.version.release'
[debug] &amp#27;[38;5;64m[ADB]&amp#27;[0m Current device property 'ro.build.version.release': 9
[debug] &amp#27;[38;5;64m[ADB]&amp#27;[0m Device API level: 28
&amp#27;[38;5;32m[AndroidUiautomator2Driver@7f2d (73149194)]&amp#27;[0m Relaxing hidden api policy
[debug] &amp#27;[38;5;64m[ADB]&amp#27;[0m Running 'C:\Users\nasee\AppData\Local\Android\Sdk\platform-tools\adb.exe -P 5037 -s emulator-5554 shell 'settings put global hidden_api_policy_pre_p_apps 1;settings put global hidden_api_policy_p_apps 1;settings put global hidden_api_policy 1''
[debug] &amp#27;[38;5;80m[AndroidDriver]&amp#27;[0m Parsing package and activity from app manifest
&amp#27;[38;5;64m[ADB]&amp#27;[0m Package name: 'io.appium.android.apis'
&amp#27;[38;5;64m[ADB]&amp#27;[0m Main activity name: 'ApiDemos'
[debug] &amp#27;[38;5;80m[AndroidDriver]&amp#27;[0m Parsed package and activity are: io.appium.android.apis/ApiDemos
[debug] &amp#27;[38;5;64m[ADB]&amp#27;[0m Running 'C:\Users\nasee\AppData\Local\Android\Sdk\platform-tools\adb.exe -P 5037 -s emulator-5554 wait-for-device'
[debug] &amp#27;[38;5;64m[ADB]&amp#27;[0m Running 'C:\Users\nasee\AppData\Local\Android\Sdk\platform-tools\adb.exe -P 5037 -s emulator-5554 shell echo ping'
[debug] &amp#27;[38;5;80m[AndroidDriver]&amp#27;[0m Pushing settings apk to device...
[debug] &amp#27;[38;5;64m[ADB]&amp#27;[0m Getting package info for 'io.appium.settings'
[debug] &amp#27;[38;5;64m[ADB]&amp#27;[0m Running 'C:\Users\nasee\AppData\Local\Android\Sdk\platform-tools\adb.exe -P 5037 -s emulator-5554 shell dumpsys package io.appium.settings'
[debug] &amp#27;[38;5;64m[ADB]&amp#27;[0m The version name of the installed 'io.appium.settings' is greater or equal to the application version name ('5.0.5' >= '5.0.5')
[debug] &amp#27;[38;5;64m[ADB]&amp#27;[0m There is no need to install/upgrade 'C:\Users\nasee\node_modules\appium-uiautomator2-driver\node_modules\io.appium.settings\apks\settings_apk-debug.apk'
[debug] &amp#27;[38;5;64m[ADB]&amp#27;[0m Getting IDs of all 'io.appium.settings' processes
[debug] &amp#27;[38;5;64m[ADB]&amp#27;[0m Running 'C:\Users\nasee\AppData\Local\Android\Sdk\platform-tools\adb.exe -P 5037 -s emulator-5554 shell 'pgrep --help; echo $?''
[debug] &amp#27;[38;5;64m[ADB]&amp#27;[0m Running 'C:\Users\nasee\AppData\Local\Android\Sdk\platform-tools\adb.exe -P 5037 -s emulator-5554 shell pgrep -f \(\[\[:blank:\]\]\|\^\)io\.appium\.settings\(\[\[:blank:\]\]\|\$\)'
[debug] &amp#27;[38;5;64m[ADB]&amp#27;[0m Getting IDs of all 'io.appium.settings' processes
[debug] &amp#27;[38;5;64m[ADB]&amp#27;[0m Running 'C:\Users\nasee\AppData\Local\Android\Sdk\platform-tools\adb.exe -P 5037 -s emulator-5554 shell pgrep -f \(\[\[:blank:\]\]\|\^\)io\.appium\.settings\(\[\[:blank:\]\]\|\$\)'
[debug] &amp#27;[38;5;64m[ADB]&amp#27;[0m Starting Appium Settings app
[debug] &amp#27;[38;5;64m[ADB]&amp#27;[0m Running 'C:\Users\nasee\AppData\Local\Android\Sdk\platform-tools\adb.exe -P 5037 -s emulator-5554 shell am start -n io.appium.settings/.Settings -a android.intent.action.MAIN -c android.intent.category.LAUNCHER'
[debug] &amp#27;[38;5;64m[ADB]&amp#27;[0m Getting IDs of all 'io.appium.settings' processes
[debug] &amp#27;[38;5;64m[ADB]&amp#27;[0m Running 'C:\Users\nasee\AppData\Local\Android\Sdk\platform-tools\adb.exe -P 5037 -s emulator-5554 shell pgrep -f \(\[\[:blank:\]\]\|\^\)io\.appium\.settings\(\[\[:blank:\]\]\|\$\)'
[debug] &amp#27;[38;5;64m[ADB]&amp#27;[0m Getting IDs of all 'io.appium.settings' processes
[debug] &amp#27;[38;5;64m[ADB]&amp#27;[0m Running 'C:\Users\nasee\AppData\Local\Android\Sdk\platform-tools\adb.exe -P 5037 -s emulator-5554 shell pgrep -f \(\[\[:blank:\]\]\|\^\)io\.appium\.settings\(\[\[:blank:\]\]\|\$\)'
[debug] &amp#27;[38;5;64m[ADB]&amp#27;[0m Getting IDs of all 'io.appium.settings' processes
[debug] &amp#27;[38;5;64m[ADB]&amp#27;[0m Running 'C:\Users\nasee\AppData\Local\Android\Sdk\platform-tools\adb.exe -P 5037 -s emulator-5554 shell pgrep -f \(\[\[:blank:\]\]\|\^\)io\.appium\.settings\(\[\[:blank:\]\]\|\$\)'
[debug] &amp#27;[38;5;64m[ADB]&amp#27;[0m Getting IDs of all 'io.appium.settings' processes
[debug] &amp#27;[38;5;64m[ADB]&amp#27;[0m Running 'C:\Users\nasee\AppData\Local\Android\Sdk\platform-tools\adb.exe -P 5037 -s emulator-5554 shell pgrep -f \(\[\[:blank:\]\]\|\^\)io\.appium\.settings\(\[\[:blank:\]\]\|\$\)'
[debug] &amp#27;[38;5;96m[Logcat]&amp#27;[0m Starting logs capture with command: C:\\Users\\nasee\\AppData\\Local\\Android\\Sdk\\platform-tools\\adb.exe -P 5037 -s emulator-5554 logcat -v threadtime
[debug] &amp#27;[38;5;32m[AndroidUiautomator2Driver@7f2d (73149194)]&amp#27;[0m Forwarding UiAutomator2 Server port 6790 to local port 8200
[debug] &amp#27;[38;5;64m[ADB]&amp#27;[0m Forwarding system: 8200 to device: 6790
[debug] &amp#27;[38;5;64m[ADB]&amp#27;[0m Running 'C:\Users\nasee\AppData\Local\Android\Sdk\platform-tools\adb.exe -P 5037 -s emulator-5554 forward tcp:8200 tcp:6790'
[debug] &amp#27;[38;5;64m[ADB]&amp#27;[0m Checking app cert for C:\Users\nasee\node_modules\appium-uiautomator2-driver\node_modules\appium-uiautomator2-server\apks\appium-uiautomator2-server-v5.12.2.apk
[debug] &amp#27;[38;5;64m[ADB]&amp#27;[0m Checking app cert for C:\Users\nasee\node_modules\appium-uiautomator2-driver\node_modules\appium-uiautomator2-server\apks\appium-uiautomator2-server-debug-androidTest.apk
&amp#27;[38;5;64m[ADB]&amp#27;[0m Using 'apksigner.jar' from 'C:\Users\nasee\AppData\Local\Android\Sdk\build-tools\34.0.0\lib\apksigner.jar'
[debug] &amp#27;[38;5;64m[ADB]&amp#27;[0m Starting apksigner: 'C:\\Program Files\\Java\\jdk-11\\bin\\java.exe' -Xmx1024M -Xss1m -jar C:\\Users\\nasee\\AppData\\Local\\Android\\Sdk\\build-tools\\34.0.0\\lib\\apksigner.jar verify --print-certs C:\\Users\\nasee\\node_modules\\appium-uiautomator2-driver\\node_modules\\appium-uiautomator2-server\\apks\\appium-uiautomator2-server-debug-androidTest.apk
[debug] &amp#27;[38;5;64m[ADB]&amp#27;[0m Starting apksigner: 'C:\\Program Files\\Java\\jdk-11\\bin\\java.exe' -Xmx1024M -Xss1m -jar C:\\Users\\nasee\\AppData\\Local\\Android\\Sdk\\build-tools\\34.0.0\\lib\\apksigner.jar verify --print-certs C:\\Users\\nasee\\node_modules\\appium-uiautomator2-driver\\node_modules\\appium-uiautomator2-server\\apks\\appium-uiautomator2-server-v5.12.2.apk
[debug] &amp#27;[38;5;64m[ADB]&amp#27;[0m apksigner stdout: Signer #1 certificate DN: EMAILADDRESS=android@android.com, CN=Android, OU=Android, O=Android, L=Mountain View, ST=California, C=US
[debug] &amp#27;[38;5;64m[ADB]&amp#27;[0m Signer #1 certificate SHA-256 digest: a40da80a59d170caa950cf15c18c454d47a39b26989d8b640ecd745ba71bf5dc
[debug] &amp#27;[38;5;64m[ADB]&amp#27;[0m Signer #1 certificate SHA-1 digest: 61ed377e85d386a8dfee6b864bd85b0bfaa5af81
[debug] &amp#27;[38;5;64m[ADB]&amp#27;[0m Signer #1 certificate MD5 digest: e89b158e4bcf988ebd09eb83f5378e87
[debug] &amp#27;[38;5;64m[ADB]&amp#27;[0m 
[debug] &amp#27;[38;5;64m[ADB]&amp#27;[0m sha256 hash did match for 'appium-uiautomator2-server-debug-androidTest.apk'
&amp#27;[38;5;64m[ADB]&amp#27;[0m 'C:\Users\nasee\node_modules\appium-uiautomator2-driver\node_modules\appium-uiautomator2-server\apks\appium-uiautomator2-server-debug-androidTest.apk' is signed with the default certificate
[debug] &amp#27;[38;5;64m[ADB]&amp#27;[0m Getting install status for io.appium.uiautomator2.server.test
[debug] &amp#27;[38;5;64m[ADB]&amp#27;[0m Running 'C:\Users\nasee\AppData\Local\Android\Sdk\platform-tools\adb.exe -P 5037 -s emulator-5554 shell pm path io.appium.uiautomator2.server.test'
&amp#27;[38;5;64m[ADB]&amp#27;[0m [AVD OUTPUT] ERROR   | bad color buffer handle 0x73
[debug] &amp#27;[38;5;64m[ADB]&amp#27;[0m apksigner stdout: Signer #1 certificate DN: EMAILADDRESS=android@android.com, CN=Android, OU=Android, O=Android, L=Mountain View, ST=California, C=US
[debug] &amp#27;[38;5;64m[ADB]&amp#27;[0m Signer #1 certificate SHA-256 digest: a40da80a59d170caa950cf15c18c454d47a39b26989d8b640ecd745ba71bf5dc
[debug] &amp#27;[38;5;64m[ADB]&amp#27;[0m Signer #1 certificate SHA-1 digest: 61ed377e85d386a8dfee6b864bd85b0bfaa5af81
[debug] &amp#27;[38;5;64m[ADB]&amp#27;[0m Signer #1 certificate MD5 digest: e89b158e4bcf988ebd09eb83f5378e87
[debug] &amp#27;[38;5;64m[ADB]&amp#27;[0m 
[debug] &amp#27;[38;5;64m[ADB]&amp#27;[0m sha256 hash did match for 'appium-uiautomator2-server-v5.12.2.apk'
&amp#27;[38;5;64m[ADB]&amp#27;[0m 'C:\Users\nasee\node_modules\appium-uiautomator2-driver\node_modules\appium-uiautomator2-server\apks\appium-uiautomator2-server-v5.12.2.apk' is signed with the default certificate
[debug] &amp#27;[38;5;64m[ADB]&amp#27;[0m Getting package info for 'io.appium.uiautomator2.server'
[debug] &amp#27;[38;5;64m[ADB]&amp#27;[0m Running 'C:\Users\nasee\AppData\Local\Android\Sdk\platform-tools\adb.exe -P 5037 -s emulator-5554 shell dumpsys package io.appium.uiautomator2.server'
[debug] &amp#27;[38;5;64m[ADB]&amp#27;[0m 'io.appium.uiautomator2.server.test' is installed
[debug] &amp#27;[38;5;64m[ADB]&amp#27;[0m The version name of the installed 'io.appium.uiautomator2.server' is greater or equal to the application version name ('5.12.2' >= '5.12.2')
[debug] &amp#27;[38;5;32m[AndroidUiautomator2Driver@7f2d (73149194)]&amp#27;[0m Server packages status: [{"wasSigned":true,"installState":"sameVersionInstalled","appPath":"C:\\Users\\nasee\\node_modules\\appium-uiautomator2-driver\\node_modules\\appium-uiautomator2-server\\apks\\appium-uiautomator2-server-v5.12.2.apk","appId":"io.appium.uiautomator2.server"},{"wasSigned":true,"installState":"sameVersionInstalled","appPath":"C:\\Users\\nasee\\node_modules\\appium-uiautomator2-driver\\node_modules\\appium-uiautomator2-server\\apks\\appium-uiautomator2-server-debug-androidTest.apk","appId":"io.appium.uiautomator2.server.test"}]
&amp#27;[38;5;32m[AndroidUiautomator2Driver@7f2d (73149194)]&amp#27;[0m Server packages are not going to be (re)installed
[debug] &amp#27;[38;5;32m[AndroidUiautomator2Driver@7f2d (73149194)]&amp#27;[0m Waiting up to 30000ms for services to be available
[debug] &amp#27;[38;5;64m[ADB]&amp#27;[0m Running 'C:\Users\nasee\AppData\Local\Android\Sdk\platform-tools\adb.exe -P 5037 -s emulator-5554 shell pm list instrumentation'
[debug] &amp#27;[38;5;32m[AndroidUiautomator2Driver@7f2d (73149194)]&amp#27;[0m Instrumentation target 'io.appium.uiautomator2.server.test/androidx.test.runner.AndroidJUnitRunner' is available
&amp#27;[38;5;64m[ADB]&amp#27;[0m Adding packages ["io.appium.settings","io.appium.uiautomator2.server","io.appium.uiautomator2.server.test"] to Doze whitelist
[debug] &amp#27;[38;5;64m[ADB]&amp#27;[0m Got the following command chunks to execute: [["dumpsys","deviceidle","whitelist","+io.appium.settings",";","dumpsys","deviceidle","whitelist","+io.appium.uiautomator2.server",";","dumpsys","deviceidle","whitelist","+io.appium.uiautomator2.server.test",";"]]
[debug] &amp#27;[38;5;64m[ADB]&amp#27;[0m Running 'C:\Users\nasee\AppData\Local\Android\Sdk\platform-tools\adb.exe -P 5037 -s emulator-5554 shell dumpsys deviceidle whitelist +io.appium.settings ; dumpsys deviceidle whitelist +io.appium.uiautomator2.server ; dumpsys deviceidle whitelist +io.appium.uiautomator2.server.test ;'
[debug] &amp#27;[38;5;64m[ADB]&amp#27;[0m Checking app cert for C:\Users\nasee\OneDrive\Documents\eclipse-workspace\MobileStudio\resurce\android_apis_v0.4.apk
[debug] &amp#27;[38;5;64m[ADB]&amp#27;[0m Starting apksigner: 'C:\\Program Files\\Java\\jdk-11\\bin\\java.exe' -Xmx1024M -Xss1m -jar C:\\Users\\nasee\\AppData\\Local\\Android\\Sdk\\build-tools\\34.0.0\\lib\\apksigner.jar verify --print-certs C:\\Users\\nasee\\OneDrive\\Documents\\eclipse-workspace\\MobileStudio\\resurce\\android_apis_v0.4.apk
[debug] &amp#27;[38;5;64m[ADB]&amp#27;[0m apksigner stdout: Signer #1 certificate DN: C=CN
[debug] &amp#27;[38;5;64m[ADB]&amp#27;[0m Signer #1 certificate SHA-256 digest: 82220a84b626310879c27ae386c0135e38d5305a9f6bbcb17a9e420db302e6bd
[debug] &amp#27;[38;5;64m[ADB]&amp#27;[0m Signer #1 certificate SHA-1 digest: cb2c4e86e794eb46e3323893ed99ed0aa67f8ac4
[debug] &amp#27;[38;5;64m[ADB]&amp#27;[0m Signer #1 certificate MD5 digest: 5d1fe5de34e33f631878db8113d147e7
[debug] &amp#27;[38;5;64m[ADB]&amp#27;[0m 
&amp#27;[38;5;64m[ADB]&amp#27;[0m 'C:\Users\nasee\OneDrive\Documents\eclipse-workspace\MobileStudio\resurce\android_apis_v0.4.apk' is signed with a non-default certificate
[debug] &amp#27;[38;5;64m[ADB]&amp#27;[0m Getting package info for 'io.appium.android.apis'
[debug] &amp#27;[38;5;64m[ADB]&amp#27;[0m Running 'C:\Users\nasee\AppData\Local\Android\Sdk\platform-tools\adb.exe -P 5037 -s emulator-5554 shell dumpsys package io.appium.android.apis'
[debug] &amp#27;[38;5;64m[ADB]&amp#27;[0m The version name of the installed 'io.appium.android.apis' is greater or equal to the application version name ('0.4.0' >= '0.4.0')
[debug] &amp#27;[38;5;64m[ADB]&amp#27;[0m There is no need to install/upgrade 'C:\Users\nasee\OneDrive\Documents\eclipse-workspace\MobileStudio\resurce\android_apis_v0.4.apk'
&amp#27;[38;5;80m[AndroidDriver]&amp#27;[0m Performing fast reset on 'io.appium.android.apis'
[debug] &amp#27;[38;5;64m[ADB]&amp#27;[0m Getting install status for io.appium.android.apis
[debug] &amp#27;[38;5;64m[ADB]&amp#27;[0m Running 'C:\Users\nasee\AppData\Local\Android\Sdk\platform-tools\adb.exe -P 5037 -s emulator-5554 shell pm path io.appium.android.apis'
[debug] &amp#27;[38;5;64m[ADB]&amp#27;[0m 'io.appium.android.apis' is installed
[debug] &amp#27;[38;5;64m[ADB]&amp#27;[0m Running 'C:\Users\nasee\AppData\Local\Android\Sdk\platform-tools\adb.exe -P 5037 -s emulator-5554 shell am force-stop io.appium.android.apis'
[debug] &amp#27;[38;5;64m[ADB]&amp#27;[0m Running 'C:\Users\nasee\AppData\Local\Android\Sdk\platform-tools\adb.exe -P 5037 -s emulator-5554 shell pm clear io.appium.android.apis'
[debug] &amp#27;[38;5;80m[AndroidDriver]&amp#27;[0m Performed fast reset on the installed 'io.appium.android.apis' application (stop and clear)
[debug] &amp#27;[38;5;32m[AndroidUiautomator2Driver@7f2d (73149194)]&amp#27;[0m Performing shallow cleanup of automation leftovers
[debug] &amp#27;[38;5;32m[AndroidUiautomator2Driver@7f2d (73149194)]&amp#27;[0m No obsolete sessions have been detected (socket hang up)
[debug] &amp#27;[38;5;64m[ADB]&amp#27;[0m Running 'C:\Users\nasee\AppData\Local\Android\Sdk\platform-tools\adb.exe -P 5037 -s emulator-5554 shell am force-stop io.appium.uiautomator2.server.test'
&amp#27;[38;5;32m[AndroidUiautomator2Driver@7f2d (73149194)]&amp#27;[0m Starting UIAutomator2 server 5.12.2
&amp#27;[38;5;32m[AndroidUiautomator2Driver@7f2d (73149194)]&amp#27;[0m Using UIAutomator2 server from 'C:\Users\nasee\node_modules\appium-uiautomator2-driver\node_modules\appium-uiautomator2-server\apks\appium-uiautomator2-server-v5.12.2.apk' and test from 'C:\Users\nasee\node_modules\appium-uiautomator2-driver\node_modules\appium-uiautomator2-server\apks\appium-uiautomator2-server-debug-androidTest.apk'
&amp#27;[38;5;32m[AndroidUiautomator2Driver@7f2d (73149194)]&amp#27;[0m Waiting up to 30000ms for UiAutomator2 to be online...
[debug] &amp#27;[38;5;64m[ADB]&amp#27;[0m Creating ADB subprocess with args: ["-P","5037","-s","emulator-5554","shell","am","instrument","-w","-e","disableAnalytics",true,"io.appium.uiautomator2.server.test/androidx.test.runner.AndroidJUnitRunner"]
[debug] &amp#27;[38;5;32m[AndroidUiautomator2Driver@7f2d (73149194)]&amp#27;[0m Matched '/status' to command name 'getStatus'
[debug] &amp#27;[38;5;32m[AndroidUiautomator2Driver@7f2d (73149194)]&amp#27;[0m Proxying [GET /status] to [GET http://127.0.0.1:8200/status] with no body
&amp#27;[38;5;32m[AndroidUiautomator2Driver@7f2d (73149194)]&amp#27;[0m socket hang up
[debug] &amp#27;[38;5;32m[AndroidUiautomator2Driver@7f2d (73149194)]&amp#27;[0m Matched '/status' to command name 'getStatus'
[debug] &amp#27;[38;5;32m[AndroidUiautomator2Driver@7f2d (73149194)]&amp#27;[0m Proxying [GET /status] to [GET http://127.0.0.1:8200/status] with no body
&amp#27;[38;5;32m[AndroidUiautomator2Driver@7f2d (73149194)]&amp#27;[0m socket hang up
[debug] &amp#27;[38;5;32m[AndroidUiautomator2Driver@7f2d (73149194)]&amp#27;[0m Matched '/status' to command name 'getStatus'
[debug] &amp#27;[38;5;32m[AndroidUiautomator2Driver@7f2d (73149194)]&amp#27;[0m Proxying [GET /status] to [GET http://127.0.0.1:8200/status] with no body
&amp#27;[38;5;32m[AndroidUiautomator2Driver@7f2d (73149194)]&amp#27;[0m socket hang up
[debug] &amp#27;[38;5;32m[AndroidUiautomator2Driver@7f2d (73149194)]&amp#27;[0m Matched '/status' to command name 'getStatus'
[debug] &amp#27;[38;5;32m[AndroidUiautomator2Driver@7f2d (73149194)]&amp#27;[0m Proxying [GET /status] to [GET http://127.0.0.1:8200/status] with no body
&amp#27;[38;5;32m[AndroidUiautomator2Driver@7f2d (73149194)]&amp#27;[0m socket hang up
[debug] &amp#27;[38;5;32m[AndroidUiautomator2Driver@7f2d (73149194)]&amp#27;[0m Matched '/status' to command name 'getStatus'
[debug] &amp#27;[38;5;32m[AndroidUiautomator2Driver@7f2d (73149194)]&amp#27;[0m Proxying [GET /status] to [GET http://127.0.0.1:8200/status] with no body
&amp#27;[38;5;32m[AndroidUiautomator2Driver@7f2d (73149194)]&amp#27;[0m socket hang up
[debug] &amp#27;[38;5;32m[AndroidUiautomator2Driver@7f2d (73149194)]&amp#27;[0m Matched '/status' to command name 'getStatus'
[debug] &amp#27;[38;5;32m[AndroidUiautomator2Driver@7f2d (73149194)]&amp#27;[0m Proxying [GET /status] to [GET http://127.0.0.1:8200/status] with no body
&amp#27;[38;5;32m[AndroidUiautomator2Driver@7f2d (73149194)]&amp#27;[0m socket hang up
[debug] &amp#27;[38;5;32m[AndroidUiautomator2Driver@7f2d (73149194)]&amp#27;[0m Matched '/status' to command name 'getStatus'
[debug] &amp#27;[38;5;32m[AndroidUiautomator2Driver@7f2d (73149194)]&amp#27;[0m Proxying [GET /status] to [GET http://127.0.0.1:8200/status] with no body
&amp#27;[38;5;32m[AndroidUiautomator2Driver@7f2d (73149194)]&amp#27;[0m socket hang up
[debug] &amp#27;[38;5;32m[AndroidUiautomator2Driver@7f2d (73149194)]&amp#27;[0m Matched '/status' to command name 'getStatus'
[debug] &amp#27;[38;5;32m[AndroidUiautomator2Driver@7f2d (73149194)]&amp#27;[0m Proxying [GET /status] to [GET http://127.0.0.1:8200/status] with no body
&amp#27;[38;5;32m[AndroidUiautomator2Driver@7f2d (73149194)]&amp#27;[0m socket hang up
[debug] &amp#27;[38;5;32m[AndroidUiautomator2Driver@7f2d (73149194)]&amp#27;[0m Matched '/status' to command name 'getStatus'
[debug] &amp#27;[38;5;32m[AndroidUiautomator2Driver@7f2d (73149194)]&amp#27;[0m Proxying [GET /status] to [GET http://127.0.0.1:8200/status] with no body
&amp#27;[38;5;32m[AndroidUiautomator2Driver@7f2d (73149194)]&amp#27;[0m socket hang up
[debug] &amp#27;[38;5;32m[AndroidUiautomator2Driver@7f2d (73149194)]&amp#27;[0m Matched '/status' to command name 'getStatus'
[debug] &amp#27;[38;5;32m[AndroidUiautomator2Driver@7f2d (73149194)]&amp#27;[0m Proxying [GET /status] to [GET http://127.0.0.1:8200/status] with no body
&amp#27;[38;5;32m[AndroidUiautomator2Driver@7f2d (73149194)]&amp#27;[0m socket hang up
[debug] &amp#27;[38;5;32m[AndroidUiautomator2Driver@7f2d (73149194)]&amp#27;[0m Matched '/status' to command name 'getStatus'
[debug] &amp#27;[38;5;32m[AndroidUiautomator2Driver@7f2d (73149194)]&amp#27;[0m Proxying [GET /status] to [GET http://127.0.0.1:8200/status] with no body
&amp#27;[38;5;32m[AndroidUiautomator2Driver@7f2d (73149194)]&amp#27;[0m socket hang up
[debug] &amp#27;[38;5;112m[Instrumentation]&amp#27;[0m io.appium.uiautomator2.server.test.AppiumUiAutomator2Server:
[debug] &amp#27;[38;5;32m[AndroidUiautomator2Driver@7f2d (73149194)]&amp#27;[0m Matched '/status' to command name 'getStatus'
[debug] &amp#27;[38;5;32m[AndroidUiautomator2Driver@7f2d (73149194)]&amp#27;[0m Proxying [GET /status] to [GET http://127.0.0.1:8200/status] with no body
&amp#27;[38;5;32m[AndroidUiautomator2Driver@7f2d (73149194)]&amp#27;[0m socket hang up
[debug] &amp#27;[38;5;32m[AndroidUiautomator2Driver@7f2d (73149194)]&amp#27;[0m Matched '/status' to command name 'getStatus'
[debug] &amp#27;[38;5;32m[AndroidUiautomator2Driver@7f2d (73149194)]&amp#27;[0m Proxying [GET /status] to [GET http://127.0.0.1:8200/status] with no body
[debug] &amp#27;[38;5;32m[AndroidUiautomator2Driver@7f2d (73149194)]&amp#27;[0m Got response with status 200: {"sessionId":"None","value":{"message":"UiAutomator2 Server is ready to accept commands","ready":true}}
[debug] &amp#27;[38;5;32m[AndroidUiautomator2Driver@7f2d (73149194)]&amp#27;[0m The initialization of the instrumentation process took 12324ms
[debug] &amp#27;[38;5;32m[AndroidUiautomator2Driver@7f2d (73149194)]&amp#27;[0m Matched '/session' to command name 'createSession'
[debug] &amp#27;[38;5;32m[AndroidUiautomator2Driver@7f2d (73149194)]&amp#27;[0m Proxying [POST /session] to [POST http://127.0.0.1:8200/session] with body: {"capabilities":{"firstMatch":[{"platform":"LINUX","webStorageEnabled":false,"takesScreenshot":true,"javascriptEnabled":true,"databaseEnabled":false,"networkConnectionEnabled":true,"locationContextEnabled":false,"warnings":{},"desired":{"platformName":"android","app":"C:\\Users\\nasee\\OneDrive\\Documents\\eclipse-workspace\\MobileStudio\\resurce\\android_apis_v0.4.apk","autoAcceptAlerts":true,"automationName":"UiAutomator2","avd":"Pixel_6","avdLaunchTimeout":120000,"avdReadyTimeout":60000,"deviceName":"pixel_6","no-reset":" false","platformVersion":"28","resetKeyboard":false,"udid":"emulator-5554","unicodeKeyboard":false},"platformName":"android","app":"C:\\Users\\nasee\\OneDrive\\Documents\\eclipse-workspace\\MobileStudio\\resurce\\android_apis_v0.4.apk","autoAcceptAlerts":true,"automationName":"UiAutomator2","avd":"Pixel_6","avdLaunchTimeout":120000,"avdReadyTimeout":60000,"deviceName":"emulator-5554","no-reset":" false","platformVersion":"28","resetKeyboard":false,"udid":"emulator-5554","unicodeKeyboar...
[debug] &amp#27;[38;5;32m[AndroidUiautomator2Driver@7f2d (73149194)]&amp#27;[0m Got response with status 200: {"sessionId":"326723c3-52d0-445f-b827-5d972fcacba9","value":{"capabilities":{"firstMatch":[{"platform":"LINUX","webStorageEnabled":false,"takesScreenshot":true,"javascriptEnabled":true,"databaseEnabled":false,"networkConnectionEnabled":true,"locationContextEnabled":false,"warnings":{},"desired":{"platformName":"android","app":"C:\\Users\\nasee\\OneDrive\\Documents\\eclipse-workspace\\MobileStudio\\resurce\\android_apis_v0.4.apk","autoAcceptAlerts":true,"automationName":"UiAutomator2","avd":"Pixel_6","avdLaunchTimeout":120000,"avdReadyTimeout":60000,"deviceName":"pixel_6","no-reset":" false","platformVersion":"28","resetKeyboard":false,"udid":"emulator-5554","unicodeKeyboard":false},"platformName":"android","app":"C:\\Users\\nasee\\OneDrive\\Documents\\eclipse-workspace\\MobileStudio\\resurce\\android_apis_v0.4.apk","autoAcceptAlerts":true,"automationName":"UiAutomator2","avd":"Pixel_6","avdLaunchTimeout":120000,"avdReadyTimeout":60000,"deviceName":"emulator-5554","no-reset":" false","platformVersion":"28",...
&amp#27;[38;5;32m[AndroidUiautomator2Driver@7f2d (73149194)]&amp#27;[0m Determined the downstream protocol as 'W3C'
[debug] &amp#27;[38;5;32m[AndroidUiautomator2Driver@7f2d (73149194)]&amp#27;[0m Proxying [GET /appium/device/info] to [GET http://127.0.0.1:8200/session/326723c3-52d0-445f-b827-5d972fcacba9/appium/device/info] with no body
[debug] &amp#27;[38;5;32m[AndroidUiautomator2Driver@7f2d (73149194)]&amp#27;[0m Got response with status 200: {"sessionId":"326723c3-52d0-445f-b827-5d972fcacba9","value":{"androidId":"0e9ecc71fa698e8a","apiVersion":"28","bluetooth":null,"brand":"google","carrierName":"Android","displayDensity":420,"locale":"en_US","manufacturer":"Google","model":"AOSP on IA Emulator","networks":[{"capabilities":{"SSID":null,"linkDownBandwidthKbps":102400,"linkUpstreamBandwidthKbps":51200,"networkCapabilities":"NET_CAPABILITY_MMS,NET_CAPABILITY_SUPL,NET_CAPABILITY_DUN,NET_CAPABILITY_FOTA,NET_CAPABILITY_IMS,NET_CAPABILITY_CBS,NET_CAPABILITY_IA,NET_CAPABILITY_INTERNET,NET_CAPABILITY_NOT_RESTRICTED,NET_CAPABILITY_TRUSTED,NET_CAPABILITY_NOT_VPN,NET_CAPABILITY_VALIDATED,NET_CAPABILITY_NOT_ROAMING,NET_CAPABILITY_FOREGROUND,NET_CAPABILITY_NOT_CONGESTED,NET_CAPABILITY_NOT_SUSPENDED","signalStrength":-2147483648,"transportTypes":"TRANSPORT_CELLULAR"},"detailedState":"CONNECTED","extraInfo":"epc.tmobile.com","isAvailable":true,"isConnected":true,"isFailover":false,"isRoaming":false,"state":"CONNECTED","subtype":13,"subtypeName":"LTE","type":...
[debug] &amp#27;[38;5;64m[ADB]&amp#27;[0m Running 'C:\Users\nasee\AppData\Local\Android\Sdk\platform-tools\adb.exe -P 5037 -s emulator-5554 shell dumpsys window'
&amp#27;[38;5;80m[AndroidDriver]&amp#27;[0m Screen already unlocked, doing nothing
&amp#27;[38;5;32m[AndroidUiautomator2Driver@7f2d (73149194)]&amp#27;[0m Starting 'io.appium.android.apis/ApiDemos and waiting for 'io.appium.android.apis/ApiDemos'
[debug] &amp#27;[38;5;64m[ADB]&amp#27;[0m Running 'C:\Users\nasee\AppData\Local\Android\Sdk\platform-tools\adb.exe -P 5037 -s emulator-5554 shell am start -W -n io.appium.android.apis/ApiDemos -S -a android.intent.action.MAIN -c android.intent.category.LAUNCHER -f 0x10200000'
[debug] &amp#27;[38;5;64m[ADB]&amp#27;[0m We tried to start an activity that doesn't exist, retrying with '.ApiDemos' activity name
[debug] &amp#27;[38;5;64m[ADB]&amp#27;[0m Running 'C:\Users\nasee\AppData\Local\Android\Sdk\platform-tools\adb.exe -P 5037 -s emulator-5554 shell am start -W -n io.appium.android.apis/.ApiDemos -S -a android.intent.action.MAIN -c android.intent.category.LAUNCHER -f 0x10200000'
[debug] &amp#27;[38;5;64m[ADB]&amp#27;[0m Waiting up to 20000ms for activity matching pkg: 'io.appium.android.apis' and activity: 'ApiDemos' to be focused
[debug] &amp#27;[38;5;64m[ADB]&amp#27;[0m Possible activities, to be checked: 'ApiDemos', 'io.appium.android.apis.ApiDemos'
[debug] &amp#27;[38;5;64m[ADB]&amp#27;[0m Getting focused package and activity
[debug] &amp#27;[38;5;64m[ADB]&amp#27;[0m Running 'C:\Users\nasee\AppData\Local\Android\Sdk\platform-tools\adb.exe -P 5037 -s emulator-5554 shell dumpsys window windows'
[debug] &amp#27;[38;5;64m[ADB]&amp#27;[0m Found package: 'io.appium.android.apis' and fully qualified activity name : 'io.appium.android.apis.ApiDemos'
[debug] &amp#27;[38;5;32m[AndroidUiautomator2Driver@7f2d (73149194)]&amp#27;[0m Proxying [GET /appium/device/pixel_ratio] to [GET http://127.0.0.1:8200/session/326723c3-52d0-445f-b827-5d972fcacba9/appium/device/pixel_ratio] with no body
[debug] &amp#27;[38;5;32m[AndroidUiautomator2Driver@7f2d (73149194)]&amp#27;[0m Got response with status 200: {"sessionId":"326723c3-52d0-445f-b827-5d972fcacba9","value":2.625}
[debug] &amp#27;[38;5;32m[AndroidUiautomator2Driver@7f2d (73149194)]&amp#27;[0m Matched '/appium/device/system_bars' to command name 'getSystemBars'
[debug] &amp#27;[38;5;32m[AndroidUiautomator2Driver@7f2d (73149194)]&amp#27;[0m Proxying [GET /appium/device/system_bars] to [GET http://127.0.0.1:8200/session/326723c3-52d0-445f-b827-5d972fcacba9/appium/device/system_bars] with no body
[debug] &amp#27;[38;5;32m[AndroidUiautomator2Driver@7f2d (73149194)]&amp#27;[0m Got response with status 200: {"sessionId":"326723c3-52d0-445f-b827-5d972fcacba9","value":{"statusBar":63}}
[debug] &amp#27;[38;5;32m[AndroidUiautomator2Driver@7f2d (73149194)]&amp#27;[0m Matched '/window/current/size' to command name 'getWindowSize'
[debug] &amp#27;[38;5;32m[AndroidUiautomator2Driver@7f2d (73149194)]&amp#27;[0m Proxying [GET /window/current/size] to [GET http://127.0.0.1:8200/session/326723c3-52d0-445f-b827-5d972fcacba9/window/current/size] with no body
[debug] &amp#27;[38;5;32m[AndroidUiautomator2Driver@7f2d (73149194)]&amp#27;[0m Got response with status 200: {"sessionId":"326723c3-52d0-445f-b827-5d972fcacba9","value":{"height":2274,"width":1080}}
&amp#27;[38;5;16m[AppiumDriver@a1c3]&amp#27;[0m New AndroidUiautomator2Driver session created successfully, session 73149194-a137-4f64-b408-6248d080a2e4 added to master session list
[debug] &amp#27;[38;5;16m[AppiumDriver@a1c3]&amp#27;[0m Event 'newSessionStarted' logged at 1691199982371 (07:16:22 GMT+0530 (India Standard Time))
[debug] &amp#27;[38;5;32m[AndroidUiautomator2Driver@7f2d (73149194)]&amp#27;[0m Cached the protocol value 'W3C' for the new session 73149194-a137-4f64-b408-6248d080a2e4
[debug] &amp#27;[38;5;32m[AndroidUiautomator2Driver@7f2d (73149194)]&amp#27;[0m Responding to client with driver.createSession() result: {"capabilities":{"platform":"LINUX","webStorageEnabled":false,"takesScreenshot":true,"javascriptEnabled":true,"databaseEnabled":false,"networkConnectionEnabled":true,"locationContextEnabled":false,"warnings":{},"desired":{"platformName":"android","app":"C:\\Users\\nasee\\OneDrive\\Documents\\eclipse-workspace\\MobileStudio\\resurce\\android_apis_v0.4.apk","autoAcceptAlerts":true,"automationName":"UiAutomator2","avd":"Pixel_6","avdLaunchTimeout":120000,"avdReadyTimeout":60000,"deviceName":"pixel_6","no-reset":" false","platformVersion":"28","resetKeyboard":false,"udid":"emulator-5554","unicodeKeyboard":false},"platformName":"android","app":"C:\\Users\\nasee\\OneDrive\\Documents\\eclipse-workspace\\MobileStudio\\resurce\\android_apis_v0.4.apk","autoAcceptAlerts":true,"automationName":"UiAutomator2","avd":"Pixel_6","avdLaunchTimeout":120000,"avdReadyTimeout":60000,"deviceName":"emulator-5554","no-reset":" false","platformVersion":"9","resetKeyboard":false,"udid":"emulator-5554","unicodeKeyboard":false,"device...
&amp#27;[38;5;0m[HTTP]&amp#27;[0m &amp#27;[37m<-- POST /session &amp#27;[39m&amp#27;[32m200&amp#27;[39m &amp#27;[90m57944 ms - 1386&amp#27;[39m
&amp#27;[38;5;0m[HTTP]&amp#27;[0m &amp#27;[90m&amp#27;[39m
]]></system-out>
    <system-err><![CDATA[SLF4J: No SLF4J providers were found.
SLF4J: Defaulting to no-operation (NOP) logger implementation
SLF4J: See https://www.slf4j.org/codes.html#noProviders for further details.
]]></system-err>
  </testcase>
</testsuite>