<?xml version="1.0" encoding="UTF-8"?>
<!-- Generated by org.testng.reporters.JUnitReportReporter -->
<testsuite hostname="Rafi" failures="0" tests="1" name="Mobileauto.emulatorDevice" time="47.459" errors="0" timestamp="2023-08-04T23:57:22 IST" skipped="0">
  <testcase classname="Mobileauto.emulatorDevice" name="lunchbrowser" time="47.459"/>
  <system-out/>
</testsuite> <!-- Mobileauto.emulatorDevice -->
