<?xml version="1.0" encoding="UTF-8"?>
<!-- Generated by org.testng.reporters.JUnitReportReporter -->
<testsuite hostname="Rafi" failures="0" tests="1" name="Mobileauto.emulatorDevice" time="74.542" errors="0" timestamp="2023-08-05T07:16:31 IST" skipped="0">
  <testcase classname="Mobileauto.emulatorDevice" name="lunchbrowser" time="74.542"/>
  <system-out/>
</testsuite> <!-- Mobileauto.emulatorDevice -->
